Log file created at: 2018/08/16 14:19:23
Running on machine: DESKTOP-K62HJ96
Log line format: [DIWEF]mmdd hh:mm:ss.uuuuuu file:line] msg
INFO  20180816 14:19:23.115999  Caffe log init succeed
INFO  20180816 14:19:23.738999  INFO: "VERSION: 20180815_0_cudnn, Revision of svn: 2007."
INFO  20180816 14:19:25.118999  INFO: "Attempting to upgrade input file specified using deprecated input fields: ../model/tsn_bn_inception_flow_deploy.prototxt"
INFO  20180816 14:19:25.118999  INFO: "Successfully upgraded file specified using deprecated input fields."
WARNING  20180816 14:19:25.118999  WARN: "Note that future Caffe releases will only support input layers and not input fields."
INFO  20180816 14:19:25.128999  INFO: "Creating layer input"
INFO  20180816 14:19:25.128999  INFO: "Creating Layer input"
INFO  20180816 14:19:25.128999  INFO: "input -> data"
INFO  20180816 14:19:26.168999  INFO: "Creating layer conv1/7x7_s2"
INFO  20180816 14:19:26.168999  INFO: "Creating Layer conv1/7x7_s2"
INFO  20180816 14:19:26.168999  INFO: "conv1/7x7_s2 <- data"
INFO  20180816 14:19:26.168999  INFO: "conv1/7x7_s2 -> conv1/7x7_s2"
INFO  20180816 14:19:27.698999  INFO: "Reallocating workspace storage: 225816"
INFO  20180816 14:19:27.698999  INFO: "Creating layer conv1/7x7_s2_bn"
INFO  20180816 14:19:27.698999  INFO: "Creating Layer conv1/7x7_s2_bn"
INFO  20180816 14:19:27.698999  INFO: "conv1/7x7_s2_bn <- conv1/7x7_s2"
INFO  20180816 14:19:27.708999  INFO: "conv1/7x7_s2_bn -> conv1/7x7_s2_bn"
INFO  20180816 14:19:27.718999  INFO: "Creating layer conv1/relu_7x7"
INFO  20180816 14:19:27.718999  INFO: "Creating Layer conv1/relu_7x7"
INFO  20180816 14:19:27.718999  INFO: "conv1/relu_7x7 <- conv1/7x7_s2_bn"
INFO  20180816 14:19:27.718999  INFO: "conv1/relu_7x7 -> conv1/7x7_s2_bn (in-place)"
INFO  20180816 14:19:27.728999  INFO: "Creating layer pool1/3x3_s2"
INFO  20180816 14:19:27.728999  INFO: "Creating Layer pool1/3x3_s2"
INFO  20180816 14:19:27.728999  INFO: "pool1/3x3_s2 <- conv1/7x7_s2_bn"
INFO  20180816 14:19:27.728999  INFO: "pool1/3x3_s2 -> pool1/3x3_s2"
INFO  20180816 14:19:27.728999  INFO: "Creating layer conv2/3x3_reduce"
INFO  20180816 14:19:27.728999  INFO: "Creating Layer conv2/3x3_reduce"
INFO  20180816 14:19:27.728999  INFO: "conv2/3x3_reduce <- pool1/3x3_s2"
INFO  20180816 14:19:27.728999  INFO: "conv2/3x3_reduce -> conv2/3x3_reduce"
INFO  20180816 14:19:27.748999  INFO: "Reallocating workspace storage: 63000"
INFO  20180816 14:19:27.748999  INFO: "Creating layer conv2/3x3_reduce_bn"
INFO  20180816 14:19:27.748999  INFO: "Creating Layer conv2/3x3_reduce_bn"
INFO  20180816 14:19:27.748999  INFO: "conv2/3x3_reduce_bn <- conv2/3x3_reduce"
INFO  20180816 14:19:27.748999  INFO: "conv2/3x3_reduce_bn -> conv2/3x3_reduce_bn"
INFO  20180816 14:19:27.779000  INFO: "Creating layer conv2/relu_3x3_reduce"
INFO  20180816 14:19:27.779000  INFO: "Creating Layer conv2/relu_3x3_reduce"
INFO  20180816 14:19:27.779000  INFO: "conv2/relu_3x3_reduce <- conv2/3x3_reduce_bn"
INFO  20180816 14:19:27.779000  INFO: "conv2/relu_3x3_reduce -> conv2/3x3_reduce_bn (in-place)"
INFO  20180816 14:19:27.799000  INFO: "Creating layer conv2/3x3"
INFO  20180816 14:19:27.799000  INFO: "Creating Layer conv2/3x3"
INFO  20180816 14:19:27.799000  INFO: "conv2/3x3 <- conv2/3x3_reduce_bn"
INFO  20180816 14:19:27.799000  INFO: "conv2/3x3 -> conv2/3x3"
INFO  20180816 14:19:27.868999  INFO: "Reallocating workspace storage: 2359296"
INFO  20180816 14:19:27.868999  INFO: "Creating layer conv2/3x3_bn"
INFO  20180816 14:19:27.868999  INFO: "Creating Layer conv2/3x3_bn"
INFO  20180816 14:19:27.868999  INFO: "conv2/3x3_bn <- conv2/3x3"
INFO  20180816 14:19:27.868999  INFO: "conv2/3x3_bn -> conv2/3x3_bn"
INFO  20180816 14:19:27.888999  INFO: "Creating layer conv2/relu_3x3"
INFO  20180816 14:19:27.888999  INFO: "Creating Layer conv2/relu_3x3"
INFO  20180816 14:19:27.888999  INFO: "conv2/relu_3x3 <- conv2/3x3_bn"
INFO  20180816 14:19:27.888999  INFO: "conv2/relu_3x3 -> conv2/3x3_bn (in-place)"
INFO  20180816 14:19:27.898999  INFO: "Creating layer pool2/3x3_s2"
INFO  20180816 14:19:27.898999  INFO: "Creating Layer pool2/3x3_s2"
INFO  20180816 14:19:27.898999  INFO: "pool2/3x3_s2 <- conv2/3x3_bn"
INFO  20180816 14:19:27.898999  INFO: "pool2/3x3_s2 -> pool2/3x3_s2"
INFO  20180816 14:19:27.898999  INFO: "Creating layer pool2/3x3_s2_pool2/3x3_s2_0_split"
INFO  20180816 14:19:27.898999  INFO: "Creating Layer pool2/3x3_s2_pool2/3x3_s2_0_split"
INFO  20180816 14:19:27.898999  INFO: "pool2/3x3_s2_pool2/3x3_s2_0_split <- pool2/3x3_s2"
INFO  20180816 14:19:27.898999  INFO: "pool2/3x3_s2_pool2/3x3_s2_0_split -> pool2/3x3_s2_pool2/3x3_s2_0_split_0"
INFO  20180816 14:19:27.898999  INFO: "pool2/3x3_s2_pool2/3x3_s2_0_split -> pool2/3x3_s2_pool2/3x3_s2_0_split_1"
INFO  20180816 14:19:27.898999  INFO: "pool2/3x3_s2_pool2/3x3_s2_0_split -> pool2/3x3_s2_pool2/3x3_s2_0_split_2"
INFO  20180816 14:19:27.898999  INFO: "pool2/3x3_s2_pool2/3x3_s2_0_split -> pool2/3x3_s2_pool2/3x3_s2_0_split_3"
INFO  20180816 14:19:27.898999  INFO: "Creating layer inception_3a/1x1"
INFO  20180816 14:19:27.898999  INFO: "Creating Layer inception_3a/1x1"
INFO  20180816 14:19:27.898999  INFO: "inception_3a/1x1 <- pool2/3x3_s2_pool2/3x3_s2_0_split_0"
INFO  20180816 14:19:27.898999  INFO: "inception_3a/1x1 -> inception_3a/1x1"
INFO  20180816 14:19:27.918999  INFO: "Reallocating workspace storage: 20664"
INFO  20180816 14:19:27.918999  INFO: "Creating layer inception_3a/1x1_bn"
INFO  20180816 14:19:27.918999  INFO: "Creating Layer inception_3a/1x1_bn"
INFO  20180816 14:19:27.918999  INFO: "inception_3a/1x1_bn <- inception_3a/1x1"
INFO  20180816 14:19:27.918999  INFO: "inception_3a/1x1_bn -> inception_3a/1x1_bn"
INFO  20180816 14:19:27.918999  INFO: "Creating layer inception_3a/relu_1x1"
INFO  20180816 14:19:27.918999  INFO: "Creating Layer inception_3a/relu_1x1"
INFO  20180816 14:19:27.918999  INFO: "inception_3a/relu_1x1 <- inception_3a/1x1_bn"
INFO  20180816 14:19:27.918999  INFO: "inception_3a/relu_1x1 -> inception_3a/1x1_bn (in-place)"
INFO  20180816 14:19:27.918999  INFO: "Creating layer inception_3a/3x3_reduce"
INFO  20180816 14:19:27.918999  INFO: "Creating Layer inception_3a/3x3_reduce"
INFO  20180816 14:19:27.918999  INFO: "inception_3a/3x3_reduce <- pool2/3x3_s2_pool2/3x3_s2_0_split_1"
INFO  20180816 14:19:27.918999  INFO: "inception_3a/3x3_reduce -> inception_3a/3x3_reduce"
INFO  20180816 14:19:27.918999  INFO: "Reallocating workspace storage: 20664"
INFO  20180816 14:19:27.918999  INFO: "Creating layer inception_3a/3x3_reduce_bn"
INFO  20180816 14:19:27.918999  INFO: "Creating Layer inception_3a/3x3_reduce_bn"
INFO  20180816 14:19:27.918999  INFO: "inception_3a/3x3_reduce_bn <- inception_3a/3x3_reduce"
INFO  20180816 14:19:27.918999  INFO: "inception_3a/3x3_reduce_bn -> inception_3a/3x3_reduce_bn"
INFO  20180816 14:19:27.918999  INFO: "Creating layer inception_3a/relu_3x3_reduce"
INFO  20180816 14:19:27.918999  INFO: "Creating Layer inception_3a/relu_3x3_reduce"
INFO  20180816 14:19:27.918999  INFO: "inception_3a/relu_3x3_reduce <- inception_3a/3x3_reduce_bn"
INFO  20180816 14:19:27.918999  INFO: "inception_3a/relu_3x3_reduce -> inception_3a/3x3_reduce_bn (in-place)"
INFO  20180816 14:19:27.918999  INFO: "Creating layer inception_3a/3x3"
INFO  20180816 14:19:27.918999  INFO: "Creating Layer inception_3a/3x3"
INFO  20180816 14:19:27.918999  INFO: "inception_3a/3x3 <- inception_3a/3x3_reduce_bn"
INFO  20180816 14:19:27.918999  INFO: "inception_3a/3x3 -> inception_3a/3x3"
INFO  20180816 14:19:27.928999  INFO: "Reallocating workspace storage: 786432"
INFO  20180816 14:19:27.928999  INFO: "Creating layer inception_3a/3x3_bn"
INFO  20180816 14:19:27.928999  INFO: "Creating Layer inception_3a/3x3_bn"
INFO  20180816 14:19:27.928999  INFO: "inception_3a/3x3_bn <- inception_3a/3x3"
INFO  20180816 14:19:27.928999  INFO: "inception_3a/3x3_bn -> inception_3a/3x3_bn"
INFO  20180816 14:19:27.928999  INFO: "Creating layer inception_3a/relu_3x3"
INFO  20180816 14:19:27.928999  INFO: "Creating Layer inception_3a/relu_3x3"
INFO  20180816 14:19:27.928999  INFO: "inception_3a/relu_3x3 <- inception_3a/3x3_bn"
INFO  20180816 14:19:27.928999  INFO: "inception_3a/relu_3x3 -> inception_3a/3x3_bn (in-place)"
INFO  20180816 14:19:27.928999  INFO: "Creating layer inception_3a/double_3x3_reduce"
INFO  20180816 14:19:27.928999  INFO: "Creating Layer inception_3a/double_3x3_reduce"
INFO  20180816 14:19:27.928999  INFO: "inception_3a/double_3x3_reduce <- pool2/3x3_s2_pool2/3x3_s2_0_split_2"
INFO  20180816 14:19:27.928999  INFO: "inception_3a/double_3x3_reduce -> inception_3a/double_3x3_reduce"
INFO  20180816 14:19:27.928999  INFO: "Reallocating workspace storage: 20664"
INFO  20180816 14:19:27.928999  INFO: "Creating layer inception_3a/double_3x3_reduce_bn"
INFO  20180816 14:19:27.928999  INFO: "Creating Layer inception_3a/double_3x3_reduce_bn"
INFO  20180816 14:19:27.928999  INFO: "inception_3a/double_3x3_reduce_bn <- inception_3a/double_3x3_reduce"
INFO  20180816 14:19:27.928999  INFO: "inception_3a/double_3x3_reduce_bn -> inception_3a/double_3x3_reduce_bn"
INFO  20180816 14:19:27.928999  INFO: "Creating layer inception_3a/relu_double_3x3_reduce"
INFO  20180816 14:19:27.928999  INFO: "Creating Layer inception_3a/relu_double_3x3_reduce"
INFO  20180816 14:19:27.928999  INFO: "inception_3a/relu_double_3x3_reduce <- inception_3a/double_3x3_reduce_bn"
INFO  20180816 14:19:27.928999  INFO: "inception_3a/relu_double_3x3_reduce -> inception_3a/double_3x3_reduce_bn (in-place)"
INFO  20180816 14:19:27.928999  INFO: "Creating layer inception_3a/double_3x3_1"
INFO  20180816 14:19:27.928999  INFO: "Creating Layer inception_3a/double_3x3_1"
INFO  20180816 14:19:27.928999  INFO: "inception_3a/double_3x3_1 <- inception_3a/double_3x3_reduce_bn"
INFO  20180816 14:19:27.928999  INFO: "inception_3a/double_3x3_1 -> inception_3a/double_3x3_1"
INFO  20180816 14:19:27.928999  INFO: "Reallocating workspace storage: 1179648"
INFO  20180816 14:19:27.928999  INFO: "Creating layer inception_3a/double_3x3_1_bn"
INFO  20180816 14:19:27.928999  INFO: "Creating Layer inception_3a/double_3x3_1_bn"
INFO  20180816 14:19:27.928999  INFO: "inception_3a/double_3x3_1_bn <- inception_3a/double_3x3_1"
INFO  20180816 14:19:27.928999  INFO: "inception_3a/double_3x3_1_bn -> inception_3a/double_3x3_1_bn"
INFO  20180816 14:19:27.938999  INFO: "Creating layer inception_3a/relu_double_3x3_1"
INFO  20180816 14:19:27.938999  INFO: "Creating Layer inception_3a/relu_double_3x3_1"
INFO  20180816 14:19:27.938999  INFO: "inception_3a/relu_double_3x3_1 <- inception_3a/double_3x3_1_bn"
INFO  20180816 14:19:27.938999  INFO: "inception_3a/relu_double_3x3_1 -> inception_3a/double_3x3_1_bn (in-place)"
INFO  20180816 14:19:27.938999  INFO: "Creating layer inception_3a/double_3x3_2"
INFO  20180816 14:19:27.938999  INFO: "Creating Layer inception_3a/double_3x3_2"
INFO  20180816 14:19:27.938999  INFO: "inception_3a/double_3x3_2 <- inception_3a/double_3x3_1_bn"
INFO  20180816 14:19:27.938999  INFO: "inception_3a/double_3x3_2 -> inception_3a/double_3x3_2"
INFO  20180816 14:19:27.938999  INFO: "Reallocating workspace storage: 1769472"
INFO  20180816 14:19:27.938999  INFO: "Creating layer inception_3a/double_3x3_2_bn"
INFO  20180816 14:19:27.938999  INFO: "Creating Layer inception_3a/double_3x3_2_bn"
INFO  20180816 14:19:27.938999  INFO: "inception_3a/double_3x3_2_bn <- inception_3a/double_3x3_2"
INFO  20180816 14:19:27.938999  INFO: "inception_3a/double_3x3_2_bn -> inception_3a/double_3x3_2_bn"
INFO  20180816 14:19:27.938999  INFO: "Creating layer inception_3a/relu_double_3x3_2"
INFO  20180816 14:19:27.938999  INFO: "Creating Layer inception_3a/relu_double_3x3_2"
INFO  20180816 14:19:27.938999  INFO: "inception_3a/relu_double_3x3_2 <- inception_3a/double_3x3_2_bn"
INFO  20180816 14:19:27.938999  INFO: "inception_3a/relu_double_3x3_2 -> inception_3a/double_3x3_2_bn (in-place)"
INFO  20180816 14:19:27.938999  INFO: "Creating layer inception_3a/pool"
INFO  20180816 14:19:27.938999  INFO: "Creating Layer inception_3a/pool"
INFO  20180816 14:19:27.938999  INFO: "inception_3a/pool <- pool2/3x3_s2_pool2/3x3_s2_0_split_3"
INFO  20180816 14:19:27.938999  INFO: "inception_3a/pool -> inception_3a/pool"
INFO  20180816 14:19:27.938999  INFO: "Creating layer inception_3a/pool_proj"
INFO  20180816 14:19:27.938999  INFO: "Creating Layer inception_3a/pool_proj"
INFO  20180816 14:19:27.938999  INFO: "inception_3a/pool_proj <- inception_3a/pool"
INFO  20180816 14:19:27.938999  INFO: "inception_3a/pool_proj -> inception_3a/pool_proj"
INFO  20180816 14:19:27.948999  INFO: "Reallocating workspace storage: 20664"
INFO  20180816 14:19:27.948999  INFO: "Creating layer inception_3a/pool_proj_bn"
INFO  20180816 14:19:27.948999  INFO: "Creating Layer inception_3a/pool_proj_bn"
INFO  20180816 14:19:27.948999  INFO: "inception_3a/pool_proj_bn <- inception_3a/pool_proj"
INFO  20180816 14:19:27.948999  INFO: "inception_3a/pool_proj_bn -> inception_3a/pool_proj_bn"
INFO  20180816 14:19:27.948999  INFO: "Creating layer inception_3a/relu_pool_proj"
INFO  20180816 14:19:27.948999  INFO: "Creating Layer inception_3a/relu_pool_proj"
INFO  20180816 14:19:27.948999  INFO: "inception_3a/relu_pool_proj <- inception_3a/pool_proj_bn"
INFO  20180816 14:19:27.948999  INFO: "inception_3a/relu_pool_proj -> inception_3a/pool_proj_bn (in-place)"
INFO  20180816 14:19:27.948999  INFO: "Creating layer inception_3a/output"
INFO  20180816 14:19:27.948999  INFO: "Creating Layer inception_3a/output"
INFO  20180816 14:19:27.948999  INFO: "inception_3a/output <- inception_3a/1x1_bn"
INFO  20180816 14:19:27.948999  INFO: "inception_3a/output <- inception_3a/3x3_bn"
INFO  20180816 14:19:27.948999  INFO: "inception_3a/output <- inception_3a/double_3x3_2_bn"
INFO  20180816 14:19:27.948999  INFO: "inception_3a/output <- inception_3a/pool_proj_bn"
INFO  20180816 14:19:27.948999  INFO: "inception_3a/output -> inception_3a/output"
INFO  20180816 14:19:27.948999  INFO: "Creating layer inception_3a/output_inception_3a/output_0_split"
INFO  20180816 14:19:27.948999  INFO: "Creating Layer inception_3a/output_inception_3a/output_0_split"
INFO  20180816 14:19:27.948999  INFO: "inception_3a/output_inception_3a/output_0_split <- inception_3a/output"
INFO  20180816 14:19:27.948999  INFO: "inception_3a/output_inception_3a/output_0_split -> inception_3a/output_inception_3a/output_0_split_0"
INFO  20180816 14:19:27.948999  INFO: "inception_3a/output_inception_3a/output_0_split -> inception_3a/output_inception_3a/output_0_split_1"
INFO  20180816 14:19:27.948999  INFO: "inception_3a/output_inception_3a/output_0_split -> inception_3a/output_inception_3a/output_0_split_2"
INFO  20180816 14:19:27.948999  INFO: "inception_3a/output_inception_3a/output_0_split -> inception_3a/output_inception_3a/output_0_split_3"
INFO  20180816 14:19:27.948999  INFO: "Creating layer inception_3b/1x1"
INFO  20180816 14:19:27.948999  INFO: "Creating Layer inception_3b/1x1"
INFO  20180816 14:19:27.948999  INFO: "inception_3b/1x1 <- inception_3a/output_inception_3a/output_0_split_0"
INFO  20180816 14:19:27.948999  INFO: "inception_3b/1x1 -> inception_3b/1x1"
INFO  20180816 14:19:27.948999  INFO: "Reallocating workspace storage: 20664"
INFO  20180816 14:19:27.948999  INFO: "Creating layer inception_3b/1x1_bn"
INFO  20180816 14:19:27.948999  INFO: "Creating Layer inception_3b/1x1_bn"
INFO  20180816 14:19:27.948999  INFO: "inception_3b/1x1_bn <- inception_3b/1x1"
INFO  20180816 14:19:27.948999  INFO: "inception_3b/1x1_bn -> inception_3b/1x1_bn"
INFO  20180816 14:19:27.948999  INFO: "Creating layer inception_3b/relu_1x1"
INFO  20180816 14:19:27.948999  INFO: "Creating Layer inception_3b/relu_1x1"
INFO  20180816 14:19:27.948999  INFO: "inception_3b/relu_1x1 <- inception_3b/1x1_bn"
INFO  20180816 14:19:27.948999  INFO: "inception_3b/relu_1x1 -> inception_3b/1x1_bn (in-place)"
INFO  20180816 14:19:27.948999  INFO: "Creating layer inception_3b/3x3_reduce"
INFO  20180816 14:19:27.948999  INFO: "Creating Layer inception_3b/3x3_reduce"
INFO  20180816 14:19:27.948999  INFO: "inception_3b/3x3_reduce <- inception_3a/output_inception_3a/output_0_split_1"
INFO  20180816 14:19:27.948999  INFO: "inception_3b/3x3_reduce -> inception_3b/3x3_reduce"
INFO  20180816 14:19:27.948999  INFO: "Reallocating workspace storage: 20664"
INFO  20180816 14:19:27.948999  INFO: "Creating layer inception_3b/3x3_reduce_bn"
INFO  20180816 14:19:27.948999  INFO: "Creating Layer inception_3b/3x3_reduce_bn"
INFO  20180816 14:19:27.948999  INFO: "inception_3b/3x3_reduce_bn <- inception_3b/3x3_reduce"
INFO  20180816 14:19:27.948999  INFO: "inception_3b/3x3_reduce_bn -> inception_3b/3x3_reduce_bn"
INFO  20180816 14:19:27.958999  INFO: "Creating layer inception_3b/relu_3x3_reduce"
INFO  20180816 14:19:27.958999  INFO: "Creating Layer inception_3b/relu_3x3_reduce"
INFO  20180816 14:19:27.958999  INFO: "inception_3b/relu_3x3_reduce <- inception_3b/3x3_reduce_bn"
INFO  20180816 14:19:27.958999  INFO: "inception_3b/relu_3x3_reduce -> inception_3b/3x3_reduce_bn (in-place)"
INFO  20180816 14:19:27.958999  INFO: "Creating layer inception_3b/3x3"
INFO  20180816 14:19:27.958999  INFO: "Creating Layer inception_3b/3x3"
INFO  20180816 14:19:27.958999  INFO: "inception_3b/3x3 <- inception_3b/3x3_reduce_bn"
INFO  20180816 14:19:27.958999  INFO: "inception_3b/3x3 -> inception_3b/3x3"
INFO  20180816 14:19:27.958999  INFO: "Reallocating workspace storage: 1179648"
INFO  20180816 14:19:27.958999  INFO: "Creating layer inception_3b/3x3_bn"
INFO  20180816 14:19:27.958999  INFO: "Creating Layer inception_3b/3x3_bn"
INFO  20180816 14:19:27.958999  INFO: "inception_3b/3x3_bn <- inception_3b/3x3"
INFO  20180816 14:19:27.958999  INFO: "inception_3b/3x3_bn -> inception_3b/3x3_bn"
INFO  20180816 14:19:27.958999  INFO: "Creating layer inception_3b/relu_3x3"
INFO  20180816 14:19:27.958999  INFO: "Creating Layer inception_3b/relu_3x3"
INFO  20180816 14:19:27.958999  INFO: "inception_3b/relu_3x3 <- inception_3b/3x3_bn"
INFO  20180816 14:19:27.958999  INFO: "inception_3b/relu_3x3 -> inception_3b/3x3_bn (in-place)"
INFO  20180816 14:19:27.958999  INFO: "Creating layer inception_3b/double_3x3_reduce"
INFO  20180816 14:19:27.958999  INFO: "Creating Layer inception_3b/double_3x3_reduce"
INFO  20180816 14:19:27.958999  INFO: "inception_3b/double_3x3_reduce <- inception_3a/output_inception_3a/output_0_split_2"
INFO  20180816 14:19:27.958999  INFO: "inception_3b/double_3x3_reduce -> inception_3b/double_3x3_reduce"
INFO  20180816 14:19:27.958999  INFO: "Reallocating workspace storage: 20664"
INFO  20180816 14:19:27.958999  INFO: "Creating layer inception_3b/double_3x3_reduce_bn"
INFO  20180816 14:19:27.958999  INFO: "Creating Layer inception_3b/double_3x3_reduce_bn"
INFO  20180816 14:19:27.958999  INFO: "inception_3b/double_3x3_reduce_bn <- inception_3b/double_3x3_reduce"
INFO  20180816 14:19:27.958999  INFO: "inception_3b/double_3x3_reduce_bn -> inception_3b/double_3x3_reduce_bn"
INFO  20180816 14:19:27.958999  INFO: "Creating layer inception_3b/relu_double_3x3_reduce"
INFO  20180816 14:19:27.958999  INFO: "Creating Layer inception_3b/relu_double_3x3_reduce"
INFO  20180816 14:19:27.958999  INFO: "inception_3b/relu_double_3x3_reduce <- inception_3b/double_3x3_reduce_bn"
INFO  20180816 14:19:27.958999  INFO: "inception_3b/relu_double_3x3_reduce -> inception_3b/double_3x3_reduce_bn (in-place)"
INFO  20180816 14:19:27.958999  INFO: "Creating layer inception_3b/double_3x3_1"
INFO  20180816 14:19:27.958999  INFO: "Creating Layer inception_3b/double_3x3_1"
INFO  20180816 14:19:27.958999  INFO: "inception_3b/double_3x3_1 <- inception_3b/double_3x3_reduce_bn"
INFO  20180816 14:19:27.958999  INFO: "inception_3b/double_3x3_1 -> inception_3b/double_3x3_1"
INFO  20180816 14:19:27.968999  INFO: "Reallocating workspace storage: 1179648"
INFO  20180816 14:19:27.968999  INFO: "Creating layer inception_3b/double_3x3_1_bn"
INFO  20180816 14:19:27.968999  INFO: "Creating Layer inception_3b/double_3x3_1_bn"
INFO  20180816 14:19:27.968999  INFO: "inception_3b/double_3x3_1_bn <- inception_3b/double_3x3_1"
INFO  20180816 14:19:27.968999  INFO: "inception_3b/double_3x3_1_bn -> inception_3b/double_3x3_1_bn"
INFO  20180816 14:19:27.968999  INFO: "Creating layer inception_3b/relu_double_3x3_1"
INFO  20180816 14:19:27.968999  INFO: "Creating Layer inception_3b/relu_double_3x3_1"
INFO  20180816 14:19:27.968999  INFO: "inception_3b/relu_double_3x3_1 <- inception_3b/double_3x3_1_bn"
INFO  20180816 14:19:27.968999  INFO: "inception_3b/relu_double_3x3_1 -> inception_3b/double_3x3_1_bn (in-place)"
INFO  20180816 14:19:27.968999  INFO: "Creating layer inception_3b/double_3x3_2"
INFO  20180816 14:19:27.968999  INFO: "Creating Layer inception_3b/double_3x3_2"
INFO  20180816 14:19:27.968999  INFO: "inception_3b/double_3x3_2 <- inception_3b/double_3x3_1_bn"
INFO  20180816 14:19:27.968999  INFO: "inception_3b/double_3x3_2 -> inception_3b/double_3x3_2"
INFO  20180816 14:19:27.968999  INFO: "Reallocating workspace storage: 1769472"
INFO  20180816 14:19:27.968999  INFO: "Creating layer inception_3b/double_3x3_2_bn"
INFO  20180816 14:19:27.968999  INFO: "Creating Layer inception_3b/double_3x3_2_bn"
INFO  20180816 14:19:27.968999  INFO: "inception_3b/double_3x3_2_bn <- inception_3b/double_3x3_2"
INFO  20180816 14:19:27.968999  INFO: "inception_3b/double_3x3_2_bn -> inception_3b/double_3x3_2_bn"
INFO  20180816 14:19:27.968999  INFO: "Creating layer inception_3b/relu_double_3x3_2"
INFO  20180816 14:19:27.968999  INFO: "Creating Layer inception_3b/relu_double_3x3_2"
INFO  20180816 14:19:27.968999  INFO: "inception_3b/relu_double_3x3_2 <- inception_3b/double_3x3_2_bn"
INFO  20180816 14:19:27.968999  INFO: "inception_3b/relu_double_3x3_2 -> inception_3b/double_3x3_2_bn (in-place)"
INFO  20180816 14:19:27.968999  INFO: "Creating layer inception_3b/pool"
INFO  20180816 14:19:27.968999  INFO: "Creating Layer inception_3b/pool"
INFO  20180816 14:19:27.978999  INFO: "inception_3b/pool <- inception_3a/output_inception_3a/output_0_split_3"
INFO  20180816 14:19:27.978999  INFO: "inception_3b/pool -> inception_3b/pool"
INFO  20180816 14:19:27.978999  INFO: "Creating layer inception_3b/pool_proj"
INFO  20180816 14:19:27.978999  INFO: "Creating Layer inception_3b/pool_proj"
INFO  20180816 14:19:27.978999  INFO: "inception_3b/pool_proj <- inception_3b/pool"
INFO  20180816 14:19:27.978999  INFO: "inception_3b/pool_proj -> inception_3b/pool_proj"
INFO  20180816 14:19:27.978999  INFO: "Reallocating workspace storage: 20664"
INFO  20180816 14:19:27.978999  INFO: "Creating layer inception_3b/pool_proj_bn"
INFO  20180816 14:19:27.978999  INFO: "Creating Layer inception_3b/pool_proj_bn"
INFO  20180816 14:19:27.978999  INFO: "inception_3b/pool_proj_bn <- inception_3b/pool_proj"
INFO  20180816 14:19:27.978999  INFO: "inception_3b/pool_proj_bn -> inception_3b/pool_proj_bn"
INFO  20180816 14:19:27.978999  INFO: "Creating layer inception_3b/relu_pool_proj"
INFO  20180816 14:19:27.978999  INFO: "Creating Layer inception_3b/relu_pool_proj"
INFO  20180816 14:19:27.978999  INFO: "inception_3b/relu_pool_proj <- inception_3b/pool_proj_bn"
INFO  20180816 14:19:27.978999  INFO: "inception_3b/relu_pool_proj -> inception_3b/pool_proj_bn (in-place)"
INFO  20180816 14:19:27.978999  INFO: "Creating layer inception_3b/output"
INFO  20180816 14:19:27.978999  INFO: "Creating Layer inception_3b/output"
INFO  20180816 14:19:27.978999  INFO: "inception_3b/output <- inception_3b/1x1_bn"
INFO  20180816 14:19:27.978999  INFO: "inception_3b/output <- inception_3b/3x3_bn"
INFO  20180816 14:19:27.978999  INFO: "inception_3b/output <- inception_3b/double_3x3_2_bn"
INFO  20180816 14:19:27.978999  INFO: "inception_3b/output <- inception_3b/pool_proj_bn"
INFO  20180816 14:19:27.978999  INFO: "inception_3b/output -> inception_3b/output"
INFO  20180816 14:19:27.978999  INFO: "Creating layer inception_3b/output_inception_3b/output_0_split"
INFO  20180816 14:19:27.978999  INFO: "Creating Layer inception_3b/output_inception_3b/output_0_split"
INFO  20180816 14:19:27.978999  INFO: "inception_3b/output_inception_3b/output_0_split <- inception_3b/output"
INFO  20180816 14:19:27.978999  INFO: "inception_3b/output_inception_3b/output_0_split -> inception_3b/output_inception_3b/output_0_split_0"
INFO  20180816 14:19:27.978999  INFO: "inception_3b/output_inception_3b/output_0_split -> inception_3b/output_inception_3b/output_0_split_1"
INFO  20180816 14:19:27.978999  INFO: "inception_3b/output_inception_3b/output_0_split -> inception_3b/output_inception_3b/output_0_split_2"
INFO  20180816 14:19:27.978999  INFO: "Creating layer inception_3c/3x3_reduce"
INFO  20180816 14:19:27.978999  INFO: "Creating Layer inception_3c/3x3_reduce"
INFO  20180816 14:19:27.978999  INFO: "inception_3c/3x3_reduce <- inception_3b/output_inception_3b/output_0_split_0"
INFO  20180816 14:19:27.978999  INFO: "inception_3c/3x3_reduce -> inception_3c/3x3_reduce"
INFO  20180816 14:19:27.978999  INFO: "Reallocating workspace storage: 20664"
INFO  20180816 14:19:27.978999  INFO: "Creating layer inception_3c/3x3_reduce_bn"
INFO  20180816 14:19:27.978999  INFO: "Creating Layer inception_3c/3x3_reduce_bn"
INFO  20180816 14:19:27.978999  INFO: "inception_3c/3x3_reduce_bn <- inception_3c/3x3_reduce"
INFO  20180816 14:19:27.978999  INFO: "inception_3c/3x3_reduce_bn -> inception_3c/3x3_reduce_bn"
INFO  20180816 14:19:27.978999  INFO: "Creating layer inception_3c/relu_3x3_reduce"
INFO  20180816 14:19:27.978999  INFO: "Creating Layer inception_3c/relu_3x3_reduce"
INFO  20180816 14:19:27.978999  INFO: "inception_3c/relu_3x3_reduce <- inception_3c/3x3_reduce_bn"
INFO  20180816 14:19:27.978999  INFO: "inception_3c/relu_3x3_reduce -> inception_3c/3x3_reduce_bn (in-place)"
INFO  20180816 14:19:27.978999  INFO: "Creating layer inception_3c/3x3"
INFO  20180816 14:19:27.978999  INFO: "Creating Layer inception_3c/3x3"
INFO  20180816 14:19:27.978999  INFO: "inception_3c/3x3 <- inception_3c/3x3_reduce_bn"
INFO  20180816 14:19:27.978999  INFO: "inception_3c/3x3 -> inception_3c/3x3"
INFO  20180816 14:19:27.988999  INFO: "Reallocating workspace storage: 9372"
INFO  20180816 14:19:27.988999  INFO: "Creating layer inception_3c/3x3_bn"
INFO  20180816 14:19:27.988999  INFO: "Creating Layer inception_3c/3x3_bn"
INFO  20180816 14:19:27.988999  INFO: "inception_3c/3x3_bn <- inception_3c/3x3"
INFO  20180816 14:19:27.988999  INFO: "inception_3c/3x3_bn -> inception_3c/3x3_bn"
INFO  20180816 14:19:27.988999  INFO: "Creating layer inception_3c/relu_3x3"
INFO  20180816 14:19:27.988999  INFO: "Creating Layer inception_3c/relu_3x3"
INFO  20180816 14:19:27.988999  INFO: "inception_3c/relu_3x3 <- inception_3c/3x3_bn"
INFO  20180816 14:19:27.988999  INFO: "inception_3c/relu_3x3 -> inception_3c/3x3_bn (in-place)"
INFO  20180816 14:19:27.988999  INFO: "Creating layer inception_3c/double_3x3_reduce"
INFO  20180816 14:19:27.988999  INFO: "Creating Layer inception_3c/double_3x3_reduce"
INFO  20180816 14:19:27.988999  INFO: "inception_3c/double_3x3_reduce <- inception_3b/output_inception_3b/output_0_split_1"
INFO  20180816 14:19:27.988999  INFO: "inception_3c/double_3x3_reduce -> inception_3c/double_3x3_reduce"
INFO  20180816 14:19:27.988999  INFO: "Reallocating workspace storage: 20664"
INFO  20180816 14:19:27.988999  INFO: "Creating layer inception_3c/double_3x3_reduce_bn"
INFO  20180816 14:19:27.988999  INFO: "Creating Layer inception_3c/double_3x3_reduce_bn"
INFO  20180816 14:19:27.988999  INFO: "inception_3c/double_3x3_reduce_bn <- inception_3c/double_3x3_reduce"
INFO  20180816 14:19:27.988999  INFO: "inception_3c/double_3x3_reduce_bn -> inception_3c/double_3x3_reduce_bn"
INFO  20180816 14:19:27.988999  INFO: "Creating layer inception_3c/relu_double_3x3_reduce"
INFO  20180816 14:19:27.988999  INFO: "Creating Layer inception_3c/relu_double_3x3_reduce"
INFO  20180816 14:19:27.988999  INFO: "inception_3c/relu_double_3x3_reduce <- inception_3c/double_3x3_reduce_bn"
INFO  20180816 14:19:27.988999  INFO: "inception_3c/relu_double_3x3_reduce -> inception_3c/double_3x3_reduce_bn (in-place)"
INFO  20180816 14:19:27.988999  INFO: "Creating layer inception_3c/double_3x3_1"
INFO  20180816 14:19:27.988999  INFO: "Creating Layer inception_3c/double_3x3_1"
INFO  20180816 14:19:27.988999  INFO: "inception_3c/double_3x3_1 <- inception_3c/double_3x3_reduce_bn"
INFO  20180816 14:19:27.988999  INFO: "inception_3c/double_3x3_1 -> inception_3c/double_3x3_1"
INFO  20180816 14:19:27.998999  INFO: "Reallocating workspace storage: 1179648"
INFO  20180816 14:19:27.998999  INFO: "Creating layer inception_3c/double_3x3_1_bn"
INFO  20180816 14:19:27.998999  INFO: "Creating Layer inception_3c/double_3x3_1_bn"
INFO  20180816 14:19:27.998999  INFO: "inception_3c/double_3x3_1_bn <- inception_3c/double_3x3_1"
INFO  20180816 14:19:27.998999  INFO: "inception_3c/double_3x3_1_bn -> inception_3c/double_3x3_1_bn"
INFO  20180816 14:19:27.998999  INFO: "Creating layer inception_3c/relu_double_3x3_1"
INFO  20180816 14:19:27.998999  INFO: "Creating Layer inception_3c/relu_double_3x3_1"
INFO  20180816 14:19:27.998999  INFO: "inception_3c/relu_double_3x3_1 <- inception_3c/double_3x3_1_bn"
INFO  20180816 14:19:27.998999  INFO: "inception_3c/relu_double_3x3_1 -> inception_3c/double_3x3_1_bn (in-place)"
INFO  20180816 14:19:27.998999  INFO: "Creating layer inception_3c/double_3x3_2"
INFO  20180816 14:19:27.998999  INFO: "Creating Layer inception_3c/double_3x3_2"
INFO  20180816 14:19:27.998999  INFO: "inception_3c/double_3x3_2 <- inception_3c/double_3x3_1_bn"
INFO  20180816 14:19:27.998999  INFO: "inception_3c/double_3x3_2 -> inception_3c/double_3x3_2"
INFO  20180816 14:19:27.998999  INFO: "Reallocating workspace storage: 13692"
INFO  20180816 14:19:27.998999  INFO: "Creating layer inception_3c/double_3x3_2_bn"
INFO  20180816 14:19:27.998999  INFO: "Creating Layer inception_3c/double_3x3_2_bn"
INFO  20180816 14:19:27.998999  INFO: "inception_3c/double_3x3_2_bn <- inception_3c/double_3x3_2"
INFO  20180816 14:19:27.998999  INFO: "inception_3c/double_3x3_2_bn -> inception_3c/double_3x3_2_bn"
INFO  20180816 14:19:27.998999  INFO: "Creating layer inception_3c/relu_double_3x3_2"
INFO  20180816 14:19:27.998999  INFO: "Creating Layer inception_3c/relu_double_3x3_2"
INFO  20180816 14:19:27.998999  INFO: "inception_3c/relu_double_3x3_2 <- inception_3c/double_3x3_2_bn"
INFO  20180816 14:19:27.998999  INFO: "inception_3c/relu_double_3x3_2 -> inception_3c/double_3x3_2_bn (in-place)"
INFO  20180816 14:19:27.998999  INFO: "Creating layer inception_3c/pool"
INFO  20180816 14:19:27.998999  INFO: "Creating Layer inception_3c/pool"
INFO  20180816 14:19:27.998999  INFO: "inception_3c/pool <- inception_3b/output_inception_3b/output_0_split_2"
INFO  20180816 14:19:27.998999  INFO: "inception_3c/pool -> inception_3c/pool"
INFO  20180816 14:19:27.998999  INFO: "Creating layer inception_3c/output"
INFO  20180816 14:19:27.998999  INFO: "Creating Layer inception_3c/output"
INFO  20180816 14:19:27.998999  INFO: "inception_3c/output <- inception_3c/3x3_bn"
INFO  20180816 14:19:27.998999  INFO: "inception_3c/output <- inception_3c/double_3x3_2_bn"
INFO  20180816 14:19:27.998999  INFO: "inception_3c/output <- inception_3c/pool"
INFO  20180816 14:19:27.998999  INFO: "inception_3c/output -> inception_3c/output"
INFO  20180816 14:19:27.998999  INFO: "Creating layer inception_3c/output_inception_3c/output_0_split"
INFO  20180816 14:19:27.998999  INFO: "Creating Layer inception_3c/output_inception_3c/output_0_split"
INFO  20180816 14:19:27.998999  INFO: "inception_3c/output_inception_3c/output_0_split <- inception_3c/output"
INFO  20180816 14:19:27.998999  INFO: "inception_3c/output_inception_3c/output_0_split -> inception_3c/output_inception_3c/output_0_split_0"
INFO  20180816 14:19:27.998999  INFO: "inception_3c/output_inception_3c/output_0_split -> inception_3c/output_inception_3c/output_0_split_1"
INFO  20180816 14:19:27.998999  INFO: "inception_3c/output_inception_3c/output_0_split -> inception_3c/output_inception_3c/output_0_split_2"
INFO  20180816 14:19:27.998999  INFO: "inception_3c/output_inception_3c/output_0_split -> inception_3c/output_inception_3c/output_0_split_3"
INFO  20180816 14:19:27.998999  INFO: "Creating layer inception_4a/1x1"
INFO  20180816 14:19:27.998999  INFO: "Creating Layer inception_4a/1x1"
INFO  20180816 14:19:27.998999  INFO: "inception_4a/1x1 <- inception_3c/output_inception_3c/output_0_split_0"
INFO  20180816 14:19:27.998999  INFO: "inception_4a/1x1 -> inception_4a/1x1"
INFO  20180816 14:19:28.008999  INFO: "Reallocating workspace storage: 7032"
INFO  20180816 14:19:28.008999  INFO: "Creating layer inception_4a/1x1_bn"
INFO  20180816 14:19:28.008999  INFO: "Creating Layer inception_4a/1x1_bn"
INFO  20180816 14:19:28.008999  INFO: "inception_4a/1x1_bn <- inception_4a/1x1"
INFO  20180816 14:19:28.008999  INFO: "inception_4a/1x1_bn -> inception_4a/1x1_bn"
INFO  20180816 14:19:28.008999  INFO: "Creating layer inception_4a/relu_1x1"
INFO  20180816 14:19:28.008999  INFO: "Creating Layer inception_4a/relu_1x1"
INFO  20180816 14:19:28.008999  INFO: "inception_4a/relu_1x1 <- inception_4a/1x1_bn"
INFO  20180816 14:19:28.008999  INFO: "inception_4a/relu_1x1 -> inception_4a/1x1_bn (in-place)"
INFO  20180816 14:19:28.008999  INFO: "Creating layer inception_4a/3x3_reduce"
INFO  20180816 14:19:28.008999  INFO: "Creating Layer inception_4a/3x3_reduce"
INFO  20180816 14:19:28.008999  INFO: "inception_4a/3x3_reduce <- inception_3c/output_inception_3c/output_0_split_1"
INFO  20180816 14:19:28.008999  INFO: "inception_4a/3x3_reduce -> inception_4a/3x3_reduce"
INFO  20180816 14:19:28.008999  INFO: "Reallocating workspace storage: 10080"
INFO  20180816 14:19:28.008999  INFO: "Creating layer inception_4a/3x3_reduce_bn"
INFO  20180816 14:19:28.008999  INFO: "Creating Layer inception_4a/3x3_reduce_bn"
INFO  20180816 14:19:28.008999  INFO: "inception_4a/3x3_reduce_bn <- inception_4a/3x3_reduce"
INFO  20180816 14:19:28.008999  INFO: "inception_4a/3x3_reduce_bn -> inception_4a/3x3_reduce_bn"
INFO  20180816 14:19:28.008999  INFO: "Creating layer inception_4a/relu_3x3_reduce"
INFO  20180816 14:19:28.008999  INFO: "Creating Layer inception_4a/relu_3x3_reduce"
INFO  20180816 14:19:28.008999  INFO: "inception_4a/relu_3x3_reduce <- inception_4a/3x3_reduce_bn"
INFO  20180816 14:19:28.008999  INFO: "inception_4a/relu_3x3_reduce -> inception_4a/3x3_reduce_bn (in-place)"
INFO  20180816 14:19:28.008999  INFO: "Creating layer inception_4a/3x3"
INFO  20180816 14:19:28.008999  INFO: "Creating Layer inception_4a/3x3"
INFO  20180816 14:19:28.008999  INFO: "inception_4a/3x3 <- inception_4a/3x3_reduce_bn"
INFO  20180816 14:19:28.008999  INFO: "inception_4a/3x3 -> inception_4a/3x3"
INFO  20180816 14:19:28.008999  INFO: "Reallocating workspace storage: 1179648"
INFO  20180816 14:19:28.008999  INFO: "Creating layer inception_4a/3x3_bn"
INFO  20180816 14:19:28.008999  INFO: "Creating Layer inception_4a/3x3_bn"
INFO  20180816 14:19:28.008999  INFO: "inception_4a/3x3_bn <- inception_4a/3x3"
INFO  20180816 14:19:28.008999  INFO: "inception_4a/3x3_bn -> inception_4a/3x3_bn"
INFO  20180816 14:19:28.018999  INFO: "Creating layer inception_4a/relu_3x3"
INFO  20180816 14:19:28.018999  INFO: "Creating Layer inception_4a/relu_3x3"
INFO  20180816 14:19:28.018999  INFO: "inception_4a/relu_3x3 <- inception_4a/3x3_bn"
INFO  20180816 14:19:28.018999  INFO: "inception_4a/relu_3x3 -> inception_4a/3x3_bn (in-place)"
INFO  20180816 14:19:28.018999  INFO: "Creating layer inception_4a/double_3x3_reduce"
INFO  20180816 14:19:28.018999  INFO: "Creating Layer inception_4a/double_3x3_reduce"
INFO  20180816 14:19:28.018999  INFO: "inception_4a/double_3x3_reduce <- inception_3c/output_inception_3c/output_0_split_2"
INFO  20180816 14:19:28.018999  INFO: "inception_4a/double_3x3_reduce -> inception_4a/double_3x3_reduce"
INFO  20180816 14:19:28.018999  INFO: "Reallocating workspace storage: 10080"
INFO  20180816 14:19:28.018999  INFO: "Creating layer inception_4a/double_3x3_reduce_bn"
INFO  20180816 14:19:28.018999  INFO: "Creating Layer inception_4a/double_3x3_reduce_bn"
INFO  20180816 14:19:28.018999  INFO: "inception_4a/double_3x3_reduce_bn <- inception_4a/double_3x3_reduce"
INFO  20180816 14:19:28.018999  INFO: "inception_4a/double_3x3_reduce_bn -> inception_4a/double_3x3_reduce_bn"
INFO  20180816 14:19:28.018999  INFO: "Creating layer inception_4a/relu_double_3x3_reduce"
INFO  20180816 14:19:28.018999  INFO: "Creating Layer inception_4a/relu_double_3x3_reduce"
INFO  20180816 14:19:28.018999  INFO: "inception_4a/relu_double_3x3_reduce <- inception_4a/double_3x3_reduce_bn"
INFO  20180816 14:19:28.018999  INFO: "inception_4a/relu_double_3x3_reduce -> inception_4a/double_3x3_reduce_bn (in-place)"
INFO  20180816 14:19:28.018999  INFO: "Creating layer inception_4a/double_3x3_1"
INFO  20180816 14:19:28.018999  INFO: "Creating Layer inception_4a/double_3x3_1"
INFO  20180816 14:19:28.018999  INFO: "inception_4a/double_3x3_1 <- inception_4a/double_3x3_reduce_bn"
INFO  20180816 14:19:28.018999  INFO: "inception_4a/double_3x3_1 -> inception_4a/double_3x3_1"
INFO  20180816 14:19:28.018999  INFO: "Reallocating workspace storage: 2359296"
INFO  20180816 14:19:28.018999  INFO: "Creating layer inception_4a/double_3x3_1_bn"
INFO  20180816 14:19:28.018999  INFO: "Creating Layer inception_4a/double_3x3_1_bn"
INFO  20180816 14:19:28.018999  INFO: "inception_4a/double_3x3_1_bn <- inception_4a/double_3x3_1"
INFO  20180816 14:19:28.018999  INFO: "inception_4a/double_3x3_1_bn -> inception_4a/double_3x3_1_bn"
INFO  20180816 14:19:28.018999  INFO: "Creating layer inception_4a/relu_double_3x3_1"
INFO  20180816 14:19:28.018999  INFO: "Creating Layer inception_4a/relu_double_3x3_1"
INFO  20180816 14:19:28.018999  INFO: "inception_4a/relu_double_3x3_1 <- inception_4a/double_3x3_1_bn"
INFO  20180816 14:19:28.018999  INFO: "inception_4a/relu_double_3x3_1 -> inception_4a/double_3x3_1_bn (in-place)"
INFO  20180816 14:19:28.018999  INFO: "Creating layer inception_4a/double_3x3_2"
INFO  20180816 14:19:28.018999  INFO: "Creating Layer inception_4a/double_3x3_2"
INFO  20180816 14:19:28.018999  INFO: "inception_4a/double_3x3_2 <- inception_4a/double_3x3_1_bn"
INFO  20180816 14:19:28.018999  INFO: "inception_4a/double_3x3_2 -> inception_4a/double_3x3_2"
INFO  20180816 14:19:28.029000  INFO: "Reallocating workspace storage: 3145728"
INFO  20180816 14:19:28.029000  INFO: "Creating layer inception_4a/double_3x3_2_bn"
INFO  20180816 14:19:28.029000  INFO: "Creating Layer inception_4a/double_3x3_2_bn"
INFO  20180816 14:19:28.029000  INFO: "inception_4a/double_3x3_2_bn <- inception_4a/double_3x3_2"
INFO  20180816 14:19:28.029000  INFO: "inception_4a/double_3x3_2_bn -> inception_4a/double_3x3_2_bn"
INFO  20180816 14:19:28.029000  INFO: "Creating layer inception_4a/relu_double_3x3_2"
INFO  20180816 14:19:28.029000  INFO: "Creating Layer inception_4a/relu_double_3x3_2"
INFO  20180816 14:19:28.029000  INFO: "inception_4a/relu_double_3x3_2 <- inception_4a/double_3x3_2_bn"
INFO  20180816 14:19:28.029000  INFO: "inception_4a/relu_double_3x3_2 -> inception_4a/double_3x3_2_bn (in-place)"
INFO  20180816 14:19:28.029000  INFO: "Creating layer inception_4a/pool"
INFO  20180816 14:19:28.029000  INFO: "Creating Layer inception_4a/pool"
INFO  20180816 14:19:28.029000  INFO: "inception_4a/pool <- inception_3c/output_inception_3c/output_0_split_3"
INFO  20180816 14:19:28.029000  INFO: "inception_4a/pool -> inception_4a/pool"
INFO  20180816 14:19:28.029000  INFO: "Creating layer inception_4a/pool_proj"
INFO  20180816 14:19:28.029000  INFO: "Creating Layer inception_4a/pool_proj"
INFO  20180816 14:19:28.029000  INFO: "inception_4a/pool_proj <- inception_4a/pool"
INFO  20180816 14:19:28.029000  INFO: "inception_4a/pool_proj -> inception_4a/pool_proj"
INFO  20180816 14:19:28.029000  INFO: "Reallocating workspace storage: 10080"
INFO  20180816 14:19:28.029000  INFO: "Creating layer inception_4a/pool_proj_bn"
INFO  20180816 14:19:28.029000  INFO: "Creating Layer inception_4a/pool_proj_bn"
INFO  20180816 14:19:28.029000  INFO: "inception_4a/pool_proj_bn <- inception_4a/pool_proj"
INFO  20180816 14:19:28.029000  INFO: "inception_4a/pool_proj_bn -> inception_4a/pool_proj_bn"
INFO  20180816 14:19:28.029000  INFO: "Creating layer inception_4a/relu_pool_proj"
INFO  20180816 14:19:28.029000  INFO: "Creating Layer inception_4a/relu_pool_proj"
INFO  20180816 14:19:28.029000  INFO: "inception_4a/relu_pool_proj <- inception_4a/pool_proj_bn"
INFO  20180816 14:19:28.029000  INFO: "inception_4a/relu_pool_proj -> inception_4a/pool_proj_bn (in-place)"
INFO  20180816 14:19:28.029000  INFO: "Creating layer inception_4a/output"
INFO  20180816 14:19:28.029000  INFO: "Creating Layer inception_4a/output"
INFO  20180816 14:19:28.029000  INFO: "inception_4a/output <- inception_4a/1x1_bn"
INFO  20180816 14:19:28.029000  INFO: "inception_4a/output <- inception_4a/3x3_bn"
INFO  20180816 14:19:28.029000  INFO: "inception_4a/output <- inception_4a/double_3x3_2_bn"
INFO  20180816 14:19:28.029000  INFO: "inception_4a/output <- inception_4a/pool_proj_bn"
INFO  20180816 14:19:28.029000  INFO: "inception_4a/output -> inception_4a/output"
INFO  20180816 14:19:28.029000  INFO: "Creating layer inception_4a/output_inception_4a/output_0_split"
INFO  20180816 14:19:28.029000  INFO: "Creating Layer inception_4a/output_inception_4a/output_0_split"
INFO  20180816 14:19:28.029000  INFO: "inception_4a/output_inception_4a/output_0_split <- inception_4a/output"
INFO  20180816 14:19:28.029000  INFO: "inception_4a/output_inception_4a/output_0_split -> inception_4a/output_inception_4a/output_0_split_0"
INFO  20180816 14:19:28.029000  INFO: "inception_4a/output_inception_4a/output_0_split -> inception_4a/output_inception_4a/output_0_split_1"
INFO  20180816 14:19:28.029000  INFO: "inception_4a/output_inception_4a/output_0_split -> inception_4a/output_inception_4a/output_0_split_2"
INFO  20180816 14:19:28.029000  INFO: "inception_4a/output_inception_4a/output_0_split -> inception_4a/output_inception_4a/output_0_split_3"
INFO  20180816 14:19:28.029000  INFO: "Creating layer inception_4b/1x1"
INFO  20180816 14:19:28.029000  INFO: "Creating Layer inception_4b/1x1"
INFO  20180816 14:19:28.039000  INFO: "inception_4b/1x1 <- inception_4a/output_inception_4a/output_0_split_0"
INFO  20180816 14:19:28.039000  INFO: "inception_4b/1x1 -> inception_4b/1x1"
INFO  20180816 14:19:28.039000  INFO: "Reallocating workspace storage: 10080"
INFO  20180816 14:19:28.039000  INFO: "Creating layer inception_4b/1x1_bn"
INFO  20180816 14:19:28.039000  INFO: "Creating Layer inception_4b/1x1_bn"
INFO  20180816 14:19:28.039000  INFO: "inception_4b/1x1_bn <- inception_4b/1x1"
INFO  20180816 14:19:28.039000  INFO: "inception_4b/1x1_bn -> inception_4b/1x1_bn"
INFO  20180816 14:19:28.039000  INFO: "Creating layer inception_4b/relu_1x1"
INFO  20180816 14:19:28.039000  INFO: "Creating Layer inception_4b/relu_1x1"
INFO  20180816 14:19:28.039000  INFO: "inception_4b/relu_1x1 <- inception_4b/1x1_bn"
INFO  20180816 14:19:28.039000  INFO: "inception_4b/relu_1x1 -> inception_4b/1x1_bn (in-place)"
INFO  20180816 14:19:28.039000  INFO: "Creating layer inception_4b/3x3_reduce"
INFO  20180816 14:19:28.039000  INFO: "Creating Layer inception_4b/3x3_reduce"
INFO  20180816 14:19:28.039000  INFO: "inception_4b/3x3_reduce <- inception_4a/output_inception_4a/output_0_split_1"
INFO  20180816 14:19:28.039000  INFO: "inception_4b/3x3_reduce -> inception_4b/3x3_reduce"
INFO  20180816 14:19:28.039000  INFO: "Reallocating workspace storage: 10080"
INFO  20180816 14:19:28.039000  INFO: "Creating layer inception_4b/3x3_reduce_bn"
INFO  20180816 14:19:28.039000  INFO: "Creating Layer inception_4b/3x3_reduce_bn"
INFO  20180816 14:19:28.039000  INFO: "inception_4b/3x3_reduce_bn <- inception_4b/3x3_reduce"
INFO  20180816 14:19:28.039000  INFO: "inception_4b/3x3_reduce_bn -> inception_4b/3x3_reduce_bn"
INFO  20180816 14:19:28.039000  INFO: "Creating layer inception_4b/relu_3x3_reduce"
INFO  20180816 14:19:28.039000  INFO: "Creating Layer inception_4b/relu_3x3_reduce"
INFO  20180816 14:19:28.039000  INFO: "inception_4b/relu_3x3_reduce <- inception_4b/3x3_reduce_bn"
INFO  20180816 14:19:28.039000  INFO: "inception_4b/relu_3x3_reduce -> inception_4b/3x3_reduce_bn (in-place)"
INFO  20180816 14:19:28.039000  INFO: "Creating layer inception_4b/3x3"
INFO  20180816 14:19:28.039000  INFO: "Creating Layer inception_4b/3x3"
INFO  20180816 14:19:28.039000  INFO: "inception_4b/3x3 <- inception_4b/3x3_reduce_bn"
INFO  20180816 14:19:28.039000  INFO: "inception_4b/3x3 -> inception_4b/3x3"
INFO  20180816 14:19:28.049000  INFO: "Reallocating workspace storage: 2359296"
INFO  20180816 14:19:28.049000  INFO: "Creating layer inception_4b/3x3_bn"
INFO  20180816 14:19:28.049000  INFO: "Creating Layer inception_4b/3x3_bn"
INFO  20180816 14:19:28.049000  INFO: "inception_4b/3x3_bn <- inception_4b/3x3"
INFO  20180816 14:19:28.049000  INFO: "inception_4b/3x3_bn -> inception_4b/3x3_bn"
INFO  20180816 14:19:28.049000  INFO: "Creating layer inception_4b/relu_3x3"
INFO  20180816 14:19:28.049000  INFO: "Creating Layer inception_4b/relu_3x3"
INFO  20180816 14:19:28.049000  INFO: "inception_4b/relu_3x3 <- inception_4b/3x3_bn"
INFO  20180816 14:19:28.049000  INFO: "inception_4b/relu_3x3 -> inception_4b/3x3_bn (in-place)"
INFO  20180816 14:19:28.049000  INFO: "Creating layer inception_4b/double_3x3_reduce"
INFO  20180816 14:19:28.049000  INFO: "Creating Layer inception_4b/double_3x3_reduce"
INFO  20180816 14:19:28.049000  INFO: "inception_4b/double_3x3_reduce <- inception_4a/output_inception_4a/output_0_split_2"
INFO  20180816 14:19:28.049000  INFO: "inception_4b/double_3x3_reduce -> inception_4b/double_3x3_reduce"
INFO  20180816 14:19:28.049000  INFO: "Reallocating workspace storage: 10080"
INFO  20180816 14:19:28.049000  INFO: "Creating layer inception_4b/double_3x3_reduce_bn"
INFO  20180816 14:19:28.049000  INFO: "Creating Layer inception_4b/double_3x3_reduce_bn"
INFO  20180816 14:19:28.049000  INFO: "inception_4b/double_3x3_reduce_bn <- inception_4b/double_3x3_reduce"
INFO  20180816 14:19:28.049000  INFO: "inception_4b/double_3x3_reduce_bn -> inception_4b/double_3x3_reduce_bn"
INFO  20180816 14:19:28.049000  INFO: "Creating layer inception_4b/relu_double_3x3_reduce"
INFO  20180816 14:19:28.049000  INFO: "Creating Layer inception_4b/relu_double_3x3_reduce"
INFO  20180816 14:19:28.049000  INFO: "inception_4b/relu_double_3x3_reduce <- inception_4b/double_3x3_reduce_bn"
INFO  20180816 14:19:28.049000  INFO: "inception_4b/relu_double_3x3_reduce -> inception_4b/double_3x3_reduce_bn (in-place)"
INFO  20180816 14:19:28.049000  INFO: "Creating layer inception_4b/double_3x3_1"
INFO  20180816 14:19:28.049000  INFO: "Creating Layer inception_4b/double_3x3_1"
INFO  20180816 14:19:28.049000  INFO: "inception_4b/double_3x3_1 <- inception_4b/double_3x3_reduce_bn"
INFO  20180816 14:19:28.049000  INFO: "inception_4b/double_3x3_1 -> inception_4b/double_3x3_1"
INFO  20180816 14:19:28.059000  INFO: "Reallocating workspace storage: 2359296"
INFO  20180816 14:19:28.059000  INFO: "Creating layer inception_4b/double_3x3_1_bn"
INFO  20180816 14:19:28.059000  INFO: "Creating Layer inception_4b/double_3x3_1_bn"
INFO  20180816 14:19:28.059000  INFO: "inception_4b/double_3x3_1_bn <- inception_4b/double_3x3_1"
INFO  20180816 14:19:28.059000  INFO: "inception_4b/double_3x3_1_bn -> inception_4b/double_3x3_1_bn"
INFO  20180816 14:19:28.059000  INFO: "Creating layer inception_4b/relu_double_3x3_1"
INFO  20180816 14:19:28.059000  INFO: "Creating Layer inception_4b/relu_double_3x3_1"
INFO  20180816 14:19:28.059000  INFO: "inception_4b/relu_double_3x3_1 <- inception_4b/double_3x3_1_bn"
INFO  20180816 14:19:28.059000  INFO: "inception_4b/relu_double_3x3_1 -> inception_4b/double_3x3_1_bn (in-place)"
INFO  20180816 14:19:28.059000  INFO: "Creating layer inception_4b/double_3x3_2"
INFO  20180816 14:19:28.059000  INFO: "Creating Layer inception_4b/double_3x3_2"
INFO  20180816 14:19:28.059000  INFO: "inception_4b/double_3x3_2 <- inception_4b/double_3x3_1_bn"
INFO  20180816 14:19:28.059000  INFO: "inception_4b/double_3x3_2 -> inception_4b/double_3x3_2"
INFO  20180816 14:19:28.059000  INFO: "Reallocating workspace storage: 3145728"
INFO  20180816 14:19:28.059000  INFO: "Creating layer inception_4b/double_3x3_2_bn"
INFO  20180816 14:19:28.059000  INFO: "Creating Layer inception_4b/double_3x3_2_bn"
INFO  20180816 14:19:28.059000  INFO: "inception_4b/double_3x3_2_bn <- inception_4b/double_3x3_2"
INFO  20180816 14:19:28.059000  INFO: "inception_4b/double_3x3_2_bn -> inception_4b/double_3x3_2_bn"
INFO  20180816 14:19:28.059000  INFO: "Creating layer inception_4b/relu_double_3x3_2"
INFO  20180816 14:19:28.059000  INFO: "Creating Layer inception_4b/relu_double_3x3_2"
INFO  20180816 14:19:28.059000  INFO: "inception_4b/relu_double_3x3_2 <- inception_4b/double_3x3_2_bn"
INFO  20180816 14:19:28.059000  INFO: "inception_4b/relu_double_3x3_2 -> inception_4b/double_3x3_2_bn (in-place)"
INFO  20180816 14:19:28.059000  INFO: "Creating layer inception_4b/pool"
INFO  20180816 14:19:28.059000  INFO: "Creating Layer inception_4b/pool"
INFO  20180816 14:19:28.059000  INFO: "inception_4b/pool <- inception_4a/output_inception_4a/output_0_split_3"
INFO  20180816 14:19:28.059000  INFO: "inception_4b/pool -> inception_4b/pool"
INFO  20180816 14:19:28.059000  INFO: "Creating layer inception_4b/pool_proj"
INFO  20180816 14:19:28.059000  INFO: "Creating Layer inception_4b/pool_proj"
INFO  20180816 14:19:28.059000  INFO: "inception_4b/pool_proj <- inception_4b/pool"
INFO  20180816 14:19:28.059000  INFO: "inception_4b/pool_proj -> inception_4b/pool_proj"
INFO  20180816 14:19:28.059000  INFO: "Reallocating workspace storage: 10080"
INFO  20180816 14:19:28.059000  INFO: "Creating layer inception_4b/pool_proj_bn"
INFO  20180816 14:19:28.059000  INFO: "Creating Layer inception_4b/pool_proj_bn"
INFO  20180816 14:19:28.059000  INFO: "inception_4b/pool_proj_bn <- inception_4b/pool_proj"
INFO  20180816 14:19:28.059000  INFO: "inception_4b/pool_proj_bn -> inception_4b/pool_proj_bn"
INFO  20180816 14:19:28.069000  INFO: "Creating layer inception_4b/relu_pool_proj"
INFO  20180816 14:19:28.069000  INFO: "Creating Layer inception_4b/relu_pool_proj"
INFO  20180816 14:19:28.069000  INFO: "inception_4b/relu_pool_proj <- inception_4b/pool_proj_bn"
INFO  20180816 14:19:28.069000  INFO: "inception_4b/relu_pool_proj -> inception_4b/pool_proj_bn (in-place)"
INFO  20180816 14:19:28.069000  INFO: "Creating layer inception_4b/output"
INFO  20180816 14:19:28.069000  INFO: "Creating Layer inception_4b/output"
INFO  20180816 14:19:28.069000  INFO: "inception_4b/output <- inception_4b/1x1_bn"
INFO  20180816 14:19:28.069000  INFO: "inception_4b/output <- inception_4b/3x3_bn"
INFO  20180816 14:19:28.069000  INFO: "inception_4b/output <- inception_4b/double_3x3_2_bn"
INFO  20180816 14:19:28.069000  INFO: "inception_4b/output <- inception_4b/pool_proj_bn"
INFO  20180816 14:19:28.069000  INFO: "inception_4b/output -> inception_4b/output"
INFO  20180816 14:19:28.069000  INFO: "Creating layer inception_4b/output_inception_4b/output_0_split"
INFO  20180816 14:19:28.069000  INFO: "Creating Layer inception_4b/output_inception_4b/output_0_split"
INFO  20180816 14:19:28.069000  INFO: "inception_4b/output_inception_4b/output_0_split <- inception_4b/output"
INFO  20180816 14:19:28.069000  INFO: "inception_4b/output_inception_4b/output_0_split -> inception_4b/output_inception_4b/output_0_split_0"
INFO  20180816 14:19:28.069000  INFO: "inception_4b/output_inception_4b/output_0_split -> inception_4b/output_inception_4b/output_0_split_1"
INFO  20180816 14:19:28.069000  INFO: "inception_4b/output_inception_4b/output_0_split -> inception_4b/output_inception_4b/output_0_split_2"
INFO  20180816 14:19:28.069000  INFO: "inception_4b/output_inception_4b/output_0_split -> inception_4b/output_inception_4b/output_0_split_3"
INFO  20180816 14:19:28.069000  INFO: "Creating layer inception_4c/1x1"
INFO  20180816 14:19:28.069000  INFO: "Creating Layer inception_4c/1x1"
INFO  20180816 14:19:28.069000  INFO: "inception_4c/1x1 <- inception_4b/output_inception_4b/output_0_split_0"
INFO  20180816 14:19:28.069000  INFO: "inception_4c/1x1 -> inception_4c/1x1"
INFO  20180816 14:19:28.069000  INFO: "Reallocating workspace storage: 10080"
INFO  20180816 14:19:28.069000  INFO: "Creating layer inception_4c/1x1_bn"
INFO  20180816 14:19:28.069000  INFO: "Creating Layer inception_4c/1x1_bn"
INFO  20180816 14:19:28.069000  INFO: "inception_4c/1x1_bn <- inception_4c/1x1"
INFO  20180816 14:19:28.069000  INFO: "inception_4c/1x1_bn -> inception_4c/1x1_bn"
INFO  20180816 14:19:28.069000  INFO: "Creating layer inception_4c/relu_1x1"
INFO  20180816 14:19:28.069000  INFO: "Creating Layer inception_4c/relu_1x1"
INFO  20180816 14:19:28.069000  INFO: "inception_4c/relu_1x1 <- inception_4c/1x1_bn"
INFO  20180816 14:19:28.069000  INFO: "inception_4c/relu_1x1 -> inception_4c/1x1_bn (in-place)"
INFO  20180816 14:19:28.069000  INFO: "Creating layer inception_4c/3x3_reduce"
INFO  20180816 14:19:28.069000  INFO: "Creating Layer inception_4c/3x3_reduce"
INFO  20180816 14:19:28.069000  INFO: "inception_4c/3x3_reduce <- inception_4b/output_inception_4b/output_0_split_1"
INFO  20180816 14:19:28.069000  INFO: "inception_4c/3x3_reduce -> inception_4c/3x3_reduce"
INFO  20180816 14:19:28.069000  INFO: "Reallocating workspace storage: 10080"
INFO  20180816 14:19:28.069000  INFO: "Creating layer inception_4c/3x3_reduce_bn"
INFO  20180816 14:19:28.069000  INFO: "Creating Layer inception_4c/3x3_reduce_bn"
INFO  20180816 14:19:28.069000  INFO: "inception_4c/3x3_reduce_bn <- inception_4c/3x3_reduce"
INFO  20180816 14:19:28.069000  INFO: "inception_4c/3x3_reduce_bn -> inception_4c/3x3_reduce_bn"
INFO  20180816 14:19:28.069000  INFO: "Creating layer inception_4c/relu_3x3_reduce"
INFO  20180816 14:19:28.069000  INFO: "Creating Layer inception_4c/relu_3x3_reduce"
INFO  20180816 14:19:28.069000  INFO: "inception_4c/relu_3x3_reduce <- inception_4c/3x3_reduce_bn"
INFO  20180816 14:19:28.069000  INFO: "inception_4c/relu_3x3_reduce -> inception_4c/3x3_reduce_bn (in-place)"
INFO  20180816 14:19:28.069000  INFO: "Creating layer inception_4c/3x3"
INFO  20180816 14:19:28.069000  INFO: "Creating Layer inception_4c/3x3"
INFO  20180816 14:19:28.069000  INFO: "inception_4c/3x3 <- inception_4c/3x3_reduce_bn"
INFO  20180816 14:19:28.078999  INFO: "inception_4c/3x3 -> inception_4c/3x3"
INFO  20180816 14:19:28.078999  INFO: "Reallocating workspace storage: 3932160"
INFO  20180816 14:19:28.078999  INFO: "Creating layer inception_4c/3x3_bn"
INFO  20180816 14:19:28.078999  INFO: "Creating Layer inception_4c/3x3_bn"
INFO  20180816 14:19:28.078999  INFO: "inception_4c/3x3_bn <- inception_4c/3x3"
INFO  20180816 14:19:28.078999  INFO: "inception_4c/3x3_bn -> inception_4c/3x3_bn"
INFO  20180816 14:19:28.078999  INFO: "Creating layer inception_4c/relu_3x3"
INFO  20180816 14:19:28.078999  INFO: "Creating Layer inception_4c/relu_3x3"
INFO  20180816 14:19:28.078999  INFO: "inception_4c/relu_3x3 <- inception_4c/3x3_bn"
INFO  20180816 14:19:28.078999  INFO: "inception_4c/relu_3x3 -> inception_4c/3x3_bn (in-place)"
INFO  20180816 14:19:28.078999  INFO: "Creating layer inception_4c/double_3x3_reduce"
INFO  20180816 14:19:28.078999  INFO: "Creating Layer inception_4c/double_3x3_reduce"
INFO  20180816 14:19:28.078999  INFO: "inception_4c/double_3x3_reduce <- inception_4b/output_inception_4b/output_0_split_2"
INFO  20180816 14:19:28.078999  INFO: "inception_4c/double_3x3_reduce -> inception_4c/double_3x3_reduce"
INFO  20180816 14:19:28.078999  INFO: "Reallocating workspace storage: 10080"
INFO  20180816 14:19:28.078999  INFO: "Creating layer inception_4c/double_3x3_reduce_bn"
INFO  20180816 14:19:28.078999  INFO: "Creating Layer inception_4c/double_3x3_reduce_bn"
INFO  20180816 14:19:28.078999  INFO: "inception_4c/double_3x3_reduce_bn <- inception_4c/double_3x3_reduce"
INFO  20180816 14:19:28.078999  INFO: "inception_4c/double_3x3_reduce_bn -> inception_4c/double_3x3_reduce_bn"
INFO  20180816 14:19:28.078999  INFO: "Creating layer inception_4c/relu_double_3x3_reduce"
INFO  20180816 14:19:28.078999  INFO: "Creating Layer inception_4c/relu_double_3x3_reduce"
INFO  20180816 14:19:28.078999  INFO: "inception_4c/relu_double_3x3_reduce <- inception_4c/double_3x3_reduce_bn"
INFO  20180816 14:19:28.078999  INFO: "inception_4c/relu_double_3x3_reduce -> inception_4c/double_3x3_reduce_bn (in-place)"
INFO  20180816 14:19:28.078999  INFO: "Creating layer inception_4c/double_3x3_1"
INFO  20180816 14:19:28.078999  INFO: "Creating Layer inception_4c/double_3x3_1"
INFO  20180816 14:19:28.078999  INFO: "inception_4c/double_3x3_1 <- inception_4c/double_3x3_reduce_bn"
INFO  20180816 14:19:28.078999  INFO: "inception_4c/double_3x3_1 -> inception_4c/double_3x3_1"
INFO  20180816 14:19:28.088999  INFO: "Reallocating workspace storage: 3932160"
INFO  20180816 14:19:28.088999  INFO: "Creating layer inception_4c/double_3x3_1_bn"
INFO  20180816 14:19:28.088999  INFO: "Creating Layer inception_4c/double_3x3_1_bn"
INFO  20180816 14:19:28.088999  INFO: "inception_4c/double_3x3_1_bn <- inception_4c/double_3x3_1"
INFO  20180816 14:19:28.088999  INFO: "inception_4c/double_3x3_1_bn -> inception_4c/double_3x3_1_bn"
INFO  20180816 14:19:28.088999  INFO: "Creating layer inception_4c/relu_double_3x3_1"
INFO  20180816 14:19:28.088999  INFO: "Creating Layer inception_4c/relu_double_3x3_1"
INFO  20180816 14:19:28.088999  INFO: "inception_4c/relu_double_3x3_1 <- inception_4c/double_3x3_1_bn"
INFO  20180816 14:19:28.088999  INFO: "inception_4c/relu_double_3x3_1 -> inception_4c/double_3x3_1_bn (in-place)"
INFO  20180816 14:19:28.088999  INFO: "Creating layer inception_4c/double_3x3_2"
INFO  20180816 14:19:28.088999  INFO: "Creating Layer inception_4c/double_3x3_2"
INFO  20180816 14:19:28.088999  INFO: "inception_4c/double_3x3_2 <- inception_4c/double_3x3_1_bn"
INFO  20180816 14:19:28.088999  INFO: "inception_4c/double_3x3_2 -> inception_4c/double_3x3_2"
INFO  20180816 14:19:28.088999  INFO: "Reallocating workspace storage: 4915200"
INFO  20180816 14:19:28.088999  INFO: "Creating layer inception_4c/double_3x3_2_bn"
INFO  20180816 14:19:28.088999  INFO: "Creating Layer inception_4c/double_3x3_2_bn"
INFO  20180816 14:19:28.088999  INFO: "inception_4c/double_3x3_2_bn <- inception_4c/double_3x3_2"
INFO  20180816 14:19:28.088999  INFO: "inception_4c/double_3x3_2_bn -> inception_4c/double_3x3_2_bn"
INFO  20180816 14:19:28.088999  INFO: "Creating layer inception_4c/relu_double_3x3_2"
INFO  20180816 14:19:28.088999  INFO: "Creating Layer inception_4c/relu_double_3x3_2"
INFO  20180816 14:19:28.088999  INFO: "inception_4c/relu_double_3x3_2 <- inception_4c/double_3x3_2_bn"
INFO  20180816 14:19:28.088999  INFO: "inception_4c/relu_double_3x3_2 -> inception_4c/double_3x3_2_bn (in-place)"
INFO  20180816 14:19:28.088999  INFO: "Creating layer inception_4c/pool"
INFO  20180816 14:19:28.088999  INFO: "Creating Layer inception_4c/pool"
INFO  20180816 14:19:28.088999  INFO: "inception_4c/pool <- inception_4b/output_inception_4b/output_0_split_3"
INFO  20180816 14:19:28.088999  INFO: "inception_4c/pool -> inception_4c/pool"
INFO  20180816 14:19:28.088999  INFO: "Creating layer inception_4c/pool_proj"
INFO  20180816 14:19:28.088999  INFO: "Creating Layer inception_4c/pool_proj"
INFO  20180816 14:19:28.088999  INFO: "inception_4c/pool_proj <- inception_4c/pool"
INFO  20180816 14:19:28.088999  INFO: "inception_4c/pool_proj -> inception_4c/pool_proj"
INFO  20180816 14:19:28.098999  INFO: "Reallocating workspace storage: 10080"
INFO  20180816 14:19:28.098999  INFO: "Creating layer inception_4c/pool_proj_bn"
INFO  20180816 14:19:28.098999  INFO: "Creating Layer inception_4c/pool_proj_bn"
INFO  20180816 14:19:28.098999  INFO: "inception_4c/pool_proj_bn <- inception_4c/pool_proj"
INFO  20180816 14:19:28.098999  INFO: "inception_4c/pool_proj_bn -> inception_4c/pool_proj_bn"
INFO  20180816 14:19:28.098999  INFO: "Creating layer inception_4c/relu_pool_proj"
INFO  20180816 14:19:28.098999  INFO: "Creating Layer inception_4c/relu_pool_proj"
INFO  20180816 14:19:28.098999  INFO: "inception_4c/relu_pool_proj <- inception_4c/pool_proj_bn"
INFO  20180816 14:19:28.098999  INFO: "inception_4c/relu_pool_proj -> inception_4c/pool_proj_bn (in-place)"
INFO  20180816 14:19:28.098999  INFO: "Creating layer inception_4c/output"
INFO  20180816 14:19:28.098999  INFO: "Creating Layer inception_4c/output"
INFO  20180816 14:19:28.098999  INFO: "inception_4c/output <- inception_4c/1x1_bn"
INFO  20180816 14:19:28.098999  INFO: "inception_4c/output <- inception_4c/3x3_bn"
INFO  20180816 14:19:28.098999  INFO: "inception_4c/output <- inception_4c/double_3x3_2_bn"
INFO  20180816 14:19:28.098999  INFO: "inception_4c/output <- inception_4c/pool_proj_bn"
INFO  20180816 14:19:28.098999  INFO: "inception_4c/output -> inception_4c/output"
INFO  20180816 14:19:28.098999  INFO: "Creating layer inception_4c/output_inception_4c/output_0_split"
INFO  20180816 14:19:28.098999  INFO: "Creating Layer inception_4c/output_inception_4c/output_0_split"
INFO  20180816 14:19:28.098999  INFO: "inception_4c/output_inception_4c/output_0_split <- inception_4c/output"
INFO  20180816 14:19:28.098999  INFO: "inception_4c/output_inception_4c/output_0_split -> inception_4c/output_inception_4c/output_0_split_0"
INFO  20180816 14:19:28.098999  INFO: "inception_4c/output_inception_4c/output_0_split -> inception_4c/output_inception_4c/output_0_split_1"
INFO  20180816 14:19:28.098999  INFO: "inception_4c/output_inception_4c/output_0_split -> inception_4c/output_inception_4c/output_0_split_2"
INFO  20180816 14:19:28.098999  INFO: "inception_4c/output_inception_4c/output_0_split -> inception_4c/output_inception_4c/output_0_split_3"
INFO  20180816 14:19:28.098999  INFO: "Creating layer inception_4d/1x1"
INFO  20180816 14:19:28.098999  INFO: "Creating Layer inception_4d/1x1"
INFO  20180816 14:19:28.098999  INFO: "inception_4d/1x1 <- inception_4c/output_inception_4c/output_0_split_0"
INFO  20180816 14:19:28.098999  INFO: "inception_4d/1x1 -> inception_4d/1x1"
INFO  20180816 14:19:28.098999  INFO: "Reallocating workspace storage: 10080"
INFO  20180816 14:19:28.098999  INFO: "Creating layer inception_4d/1x1_bn"
INFO  20180816 14:19:28.098999  INFO: "Creating Layer inception_4d/1x1_bn"
INFO  20180816 14:19:28.098999  INFO: "inception_4d/1x1_bn <- inception_4d/1x1"
INFO  20180816 14:19:28.098999  INFO: "inception_4d/1x1_bn -> inception_4d/1x1_bn"
INFO  20180816 14:19:28.098999  INFO: "Creating layer inception_4d/relu_1x1"
INFO  20180816 14:19:28.098999  INFO: "Creating Layer inception_4d/relu_1x1"
INFO  20180816 14:19:28.098999  INFO: "inception_4d/relu_1x1 <- inception_4d/1x1_bn"
INFO  20180816 14:19:28.098999  INFO: "inception_4d/relu_1x1 -> inception_4d/1x1_bn (in-place)"
INFO  20180816 14:19:28.098999  INFO: "Creating layer inception_4d/3x3_reduce"
INFO  20180816 14:19:28.098999  INFO: "Creating Layer inception_4d/3x3_reduce"
INFO  20180816 14:19:28.098999  INFO: "inception_4d/3x3_reduce <- inception_4c/output_inception_4c/output_0_split_1"
INFO  20180816 14:19:28.098999  INFO: "inception_4d/3x3_reduce -> inception_4d/3x3_reduce"
INFO  20180816 14:19:28.098999  INFO: "Reallocating workspace storage: 10080"
INFO  20180816 14:19:28.098999  INFO: "Creating layer inception_4d/3x3_reduce_bn"
INFO  20180816 14:19:28.108999  INFO: "Creating Layer inception_4d/3x3_reduce_bn"
INFO  20180816 14:19:28.108999  INFO: "inception_4d/3x3_reduce_bn <- inception_4d/3x3_reduce"
INFO  20180816 14:19:28.108999  INFO: "inception_4d/3x3_reduce_bn -> inception_4d/3x3_reduce_bn"
INFO  20180816 14:19:28.108999  INFO: "Creating layer inception_4d/relu_3x3_reduce"
INFO  20180816 14:19:28.108999  INFO: "Creating Layer inception_4d/relu_3x3_reduce"
INFO  20180816 14:19:28.108999  INFO: "inception_4d/relu_3x3_reduce <- inception_4d/3x3_reduce_bn"
INFO  20180816 14:19:28.108999  INFO: "inception_4d/relu_3x3_reduce -> inception_4d/3x3_reduce_bn (in-place)"
INFO  20180816 14:19:28.108999  INFO: "Creating layer inception_4d/3x3"
INFO  20180816 14:19:28.108999  INFO: "Creating Layer inception_4d/3x3"
INFO  20180816 14:19:28.108999  INFO: "inception_4d/3x3 <- inception_4d/3x3_reduce_bn"
INFO  20180816 14:19:28.108999  INFO: "inception_4d/3x3 -> inception_4d/3x3"
INFO  20180816 14:19:28.108999  INFO: "Reallocating workspace storage: 4718592"
INFO  20180816 14:19:28.108999  INFO: "Creating layer inception_4d/3x3_bn"
INFO  20180816 14:19:28.108999  INFO: "Creating Layer inception_4d/3x3_bn"
INFO  20180816 14:19:28.108999  INFO: "inception_4d/3x3_bn <- inception_4d/3x3"
INFO  20180816 14:19:28.108999  INFO: "inception_4d/3x3_bn -> inception_4d/3x3_bn"
INFO  20180816 14:19:28.108999  INFO: "Creating layer inception_4d/relu_3x3"
INFO  20180816 14:19:28.108999  INFO: "Creating Layer inception_4d/relu_3x3"
INFO  20180816 14:19:28.108999  INFO: "inception_4d/relu_3x3 <- inception_4d/3x3_bn"
INFO  20180816 14:19:28.108999  INFO: "inception_4d/relu_3x3 -> inception_4d/3x3_bn (in-place)"
INFO  20180816 14:19:28.108999  INFO: "Creating layer inception_4d/double_3x3_reduce"
INFO  20180816 14:19:28.108999  INFO: "Creating Layer inception_4d/double_3x3_reduce"
INFO  20180816 14:19:28.108999  INFO: "inception_4d/double_3x3_reduce <- inception_4c/output_inception_4c/output_0_split_2"
INFO  20180816 14:19:28.108999  INFO: "inception_4d/double_3x3_reduce -> inception_4d/double_3x3_reduce"
INFO  20180816 14:19:28.118999  INFO: "Reallocating workspace storage: 10080"
INFO  20180816 14:19:28.118999  INFO: "Creating layer inception_4d/double_3x3_reduce_bn"
INFO  20180816 14:19:28.118999  INFO: "Creating Layer inception_4d/double_3x3_reduce_bn"
INFO  20180816 14:19:28.118999  INFO: "inception_4d/double_3x3_reduce_bn <- inception_4d/double_3x3_reduce"
INFO  20180816 14:19:28.118999  INFO: "inception_4d/double_3x3_reduce_bn -> inception_4d/double_3x3_reduce_bn"
INFO  20180816 14:19:28.118999  INFO: "Creating layer inception_4d/relu_double_3x3_reduce"
INFO  20180816 14:19:28.118999  INFO: "Creating Layer inception_4d/relu_double_3x3_reduce"
INFO  20180816 14:19:28.118999  INFO: "inception_4d/relu_double_3x3_reduce <- inception_4d/double_3x3_reduce_bn"
INFO  20180816 14:19:28.118999  INFO: "inception_4d/relu_double_3x3_reduce -> inception_4d/double_3x3_reduce_bn (in-place)"
INFO  20180816 14:19:28.118999  INFO: "Creating layer inception_4d/double_3x3_1"
INFO  20180816 14:19:28.118999  INFO: "Creating Layer inception_4d/double_3x3_1"
INFO  20180816 14:19:28.118999  INFO: "inception_4d/double_3x3_1 <- inception_4d/double_3x3_reduce_bn"
INFO  20180816 14:19:28.118999  INFO: "inception_4d/double_3x3_1 -> inception_4d/double_3x3_1"
INFO  20180816 14:19:28.118999  INFO: "Reallocating workspace storage: 5898240"
INFO  20180816 14:19:28.118999  INFO: "Creating layer inception_4d/double_3x3_1_bn"
INFO  20180816 14:19:28.118999  INFO: "Creating Layer inception_4d/double_3x3_1_bn"
INFO  20180816 14:19:28.118999  INFO: "inception_4d/double_3x3_1_bn <- inception_4d/double_3x3_1"
INFO  20180816 14:19:28.118999  INFO: "inception_4d/double_3x3_1_bn -> inception_4d/double_3x3_1_bn"
INFO  20180816 14:19:28.118999  INFO: "Creating layer inception_4d/relu_double_3x3_1"
INFO  20180816 14:19:28.118999  INFO: "Creating Layer inception_4d/relu_double_3x3_1"
INFO  20180816 14:19:28.118999  INFO: "inception_4d/relu_double_3x3_1 <- inception_4d/double_3x3_1_bn"
INFO  20180816 14:19:28.118999  INFO: "inception_4d/relu_double_3x3_1 -> inception_4d/double_3x3_1_bn (in-place)"
INFO  20180816 14:19:28.118999  INFO: "Creating layer inception_4d/double_3x3_2"
INFO  20180816 14:19:28.118999  INFO: "Creating Layer inception_4d/double_3x3_2"
INFO  20180816 14:19:28.118999  INFO: "inception_4d/double_3x3_2 <- inception_4d/double_3x3_1_bn"
INFO  20180816 14:19:28.118999  INFO: "inception_4d/double_3x3_2 -> inception_4d/double_3x3_2"
INFO  20180816 14:19:28.128999  INFO: "Reallocating workspace storage: 7077888"
INFO  20180816 14:19:28.128999  INFO: "Creating layer inception_4d/double_3x3_2_bn"
INFO  20180816 14:19:28.128999  INFO: "Creating Layer inception_4d/double_3x3_2_bn"
INFO  20180816 14:19:28.128999  INFO: "inception_4d/double_3x3_2_bn <- inception_4d/double_3x3_2"
INFO  20180816 14:19:28.128999  INFO: "inception_4d/double_3x3_2_bn -> inception_4d/double_3x3_2_bn"
INFO  20180816 14:19:28.128999  INFO: "Creating layer inception_4d/relu_double_3x3_2"
INFO  20180816 14:19:28.128999  INFO: "Creating Layer inception_4d/relu_double_3x3_2"
INFO  20180816 14:19:28.128999  INFO: "inception_4d/relu_double_3x3_2 <- inception_4d/double_3x3_2_bn"
INFO  20180816 14:19:28.128999  INFO: "inception_4d/relu_double_3x3_2 -> inception_4d/double_3x3_2_bn (in-place)"
INFO  20180816 14:19:28.128999  INFO: "Creating layer inception_4d/pool"
INFO  20180816 14:19:28.128999  INFO: "Creating Layer inception_4d/pool"
INFO  20180816 14:19:28.128999  INFO: "inception_4d/pool <- inception_4c/output_inception_4c/output_0_split_3"
INFO  20180816 14:19:28.128999  INFO: "inception_4d/pool -> inception_4d/pool"
INFO  20180816 14:19:28.128999  INFO: "Creating layer inception_4d/pool_proj"
INFO  20180816 14:19:28.128999  INFO: "Creating Layer inception_4d/pool_proj"
INFO  20180816 14:19:28.128999  INFO: "inception_4d/pool_proj <- inception_4d/pool"
INFO  20180816 14:19:28.128999  INFO: "inception_4d/pool_proj -> inception_4d/pool_proj"
INFO  20180816 14:19:28.128999  INFO: "Reallocating workspace storage: 10080"
INFO  20180816 14:19:28.128999  INFO: "Creating layer inception_4d/pool_proj_bn"
INFO  20180816 14:19:28.128999  INFO: "Creating Layer inception_4d/pool_proj_bn"
INFO  20180816 14:19:28.128999  INFO: "inception_4d/pool_proj_bn <- inception_4d/pool_proj"
INFO  20180816 14:19:28.128999  INFO: "inception_4d/pool_proj_bn -> inception_4d/pool_proj_bn"
INFO  20180816 14:19:28.128999  INFO: "Creating layer inception_4d/relu_pool_proj"
INFO  20180816 14:19:28.128999  INFO: "Creating Layer inception_4d/relu_pool_proj"
INFO  20180816 14:19:28.128999  INFO: "inception_4d/relu_pool_proj <- inception_4d/pool_proj_bn"
INFO  20180816 14:19:28.128999  INFO: "inception_4d/relu_pool_proj -> inception_4d/pool_proj_bn (in-place)"
INFO  20180816 14:19:28.128999  INFO: "Creating layer inception_4d/output"
INFO  20180816 14:19:28.128999  INFO: "Creating Layer inception_4d/output"
INFO  20180816 14:19:28.128999  INFO: "inception_4d/output <- inception_4d/1x1_bn"
INFO  20180816 14:19:28.128999  INFO: "inception_4d/output <- inception_4d/3x3_bn"
INFO  20180816 14:19:28.128999  INFO: "inception_4d/output <- inception_4d/double_3x3_2_bn"
INFO  20180816 14:19:28.128999  INFO: "inception_4d/output <- inception_4d/pool_proj_bn"
INFO  20180816 14:19:28.128999  INFO: "inception_4d/output -> inception_4d/output"
INFO  20180816 14:19:28.128999  INFO: "Creating layer inception_4d/output_inception_4d/output_0_split"
INFO  20180816 14:19:28.128999  INFO: "Creating Layer inception_4d/output_inception_4d/output_0_split"
INFO  20180816 14:19:28.128999  INFO: "inception_4d/output_inception_4d/output_0_split <- inception_4d/output"
INFO  20180816 14:19:28.128999  INFO: "inception_4d/output_inception_4d/output_0_split -> inception_4d/output_inception_4d/output_0_split_0"
INFO  20180816 14:19:28.128999  INFO: "inception_4d/output_inception_4d/output_0_split -> inception_4d/output_inception_4d/output_0_split_1"
INFO  20180816 14:19:28.128999  INFO: "inception_4d/output_inception_4d/output_0_split -> inception_4d/output_inception_4d/output_0_split_2"
INFO  20180816 14:19:28.128999  INFO: "Creating layer inception_4e/3x3_reduce"
INFO  20180816 14:19:28.128999  INFO: "Creating Layer inception_4e/3x3_reduce"
INFO  20180816 14:19:28.128999  INFO: "inception_4e/3x3_reduce <- inception_4d/output_inception_4d/output_0_split_0"
INFO  20180816 14:19:28.128999  INFO: "inception_4e/3x3_reduce -> inception_4e/3x3_reduce"
INFO  20180816 14:19:28.138999  INFO: "Reallocating workspace storage: 10080"
INFO  20180816 14:19:28.138999  INFO: "Creating layer inception_4e/3x3_reduce_bn"
INFO  20180816 14:19:28.138999  INFO: "Creating Layer inception_4e/3x3_reduce_bn"
INFO  20180816 14:19:28.138999  INFO: "inception_4e/3x3_reduce_bn <- inception_4e/3x3_reduce"
INFO  20180816 14:19:28.138999  INFO: "inception_4e/3x3_reduce_bn -> inception_4e/3x3_reduce_bn"
INFO  20180816 14:19:28.138999  INFO: "Creating layer inception_4e/relu_3x3_reduce"
INFO  20180816 14:19:28.138999  INFO: "Creating Layer inception_4e/relu_3x3_reduce"
INFO  20180816 14:19:28.138999  INFO: "inception_4e/relu_3x3_reduce <- inception_4e/3x3_reduce_bn"
INFO  20180816 14:19:28.138999  INFO: "inception_4e/relu_3x3_reduce -> inception_4e/3x3_reduce_bn (in-place)"
INFO  20180816 14:19:28.138999  INFO: "Creating layer inception_4e/3x3"
INFO  20180816 14:19:28.138999  INFO: "Creating Layer inception_4e/3x3"
INFO  20180816 14:19:28.138999  INFO: "inception_4e/3x3 <- inception_4e/3x3_reduce_bn"
INFO  20180816 14:19:28.138999  INFO: "inception_4e/3x3 -> inception_4e/3x3"
INFO  20180816 14:19:28.138999  INFO: "Reallocating workspace storage: 8364"
INFO  20180816 14:19:28.138999  INFO: "Creating layer inception_4e/3x3_bn"
INFO  20180816 14:19:28.138999  INFO: "Creating Layer inception_4e/3x3_bn"
INFO  20180816 14:19:28.138999  INFO: "inception_4e/3x3_bn <- inception_4e/3x3"
INFO  20180816 14:19:28.138999  INFO: "inception_4e/3x3_bn -> inception_4e/3x3_bn"
INFO  20180816 14:19:28.138999  INFO: "Creating layer inception_4e/relu_3x3"
INFO  20180816 14:19:28.138999  INFO: "Creating Layer inception_4e/relu_3x3"
INFO  20180816 14:19:28.138999  INFO: "inception_4e/relu_3x3 <- inception_4e/3x3_bn"
INFO  20180816 14:19:28.138999  INFO: "inception_4e/relu_3x3 -> inception_4e/3x3_bn (in-place)"
INFO  20180816 14:19:28.138999  INFO: "Creating layer inception_4e/double_3x3_reduce"
INFO  20180816 14:19:28.138999  INFO: "Creating Layer inception_4e/double_3x3_reduce"
INFO  20180816 14:19:28.138999  INFO: "inception_4e/double_3x3_reduce <- inception_4d/output_inception_4d/output_0_split_1"
INFO  20180816 14:19:28.138999  INFO: "inception_4e/double_3x3_reduce -> inception_4e/double_3x3_reduce"
INFO  20180816 14:19:28.138999  INFO: "Reallocating workspace storage: 10080"
INFO  20180816 14:19:28.138999  INFO: "Creating layer inception_4e/double_3x3_reduce_bn"
INFO  20180816 14:19:28.138999  INFO: "Creating Layer inception_4e/double_3x3_reduce_bn"
INFO  20180816 14:19:28.138999  INFO: "inception_4e/double_3x3_reduce_bn <- inception_4e/double_3x3_reduce"
INFO  20180816 14:19:28.138999  INFO: "inception_4e/double_3x3_reduce_bn -> inception_4e/double_3x3_reduce_bn"
INFO  20180816 14:19:28.148999  INFO: "Creating layer inception_4e/relu_double_3x3_reduce"
INFO  20180816 14:19:28.148999  INFO: "Creating Layer inception_4e/relu_double_3x3_reduce"
INFO  20180816 14:19:28.148999  INFO: "inception_4e/relu_double_3x3_reduce <- inception_4e/double_3x3_reduce_bn"
INFO  20180816 14:19:28.148999  INFO: "inception_4e/relu_double_3x3_reduce -> inception_4e/double_3x3_reduce_bn (in-place)"
INFO  20180816 14:19:28.148999  INFO: "Creating layer inception_4e/double_3x3_1"
INFO  20180816 14:19:28.148999  INFO: "Creating Layer inception_4e/double_3x3_1"
INFO  20180816 14:19:28.148999  INFO: "inception_4e/double_3x3_1 <- inception_4e/double_3x3_reduce_bn"
INFO  20180816 14:19:28.148999  INFO: "inception_4e/double_3x3_1 -> inception_4e/double_3x3_1"
INFO  20180816 14:19:28.148999  INFO: "Reallocating workspace storage: 9437184"
INFO  20180816 14:19:28.148999  INFO: "Creating layer inception_4e/double_3x3_1_bn"
INFO  20180816 14:19:28.148999  INFO: "Creating Layer inception_4e/double_3x3_1_bn"
INFO  20180816 14:19:28.148999  INFO: "inception_4e/double_3x3_1_bn <- inception_4e/double_3x3_1"
INFO  20180816 14:19:28.148999  INFO: "inception_4e/double_3x3_1_bn -> inception_4e/double_3x3_1_bn"
INFO  20180816 14:19:28.148999  INFO: "Creating layer inception_4e/relu_double_3x3_1"
INFO  20180816 14:19:28.148999  INFO: "Creating Layer inception_4e/relu_double_3x3_1"
INFO  20180816 14:19:28.148999  INFO: "inception_4e/relu_double_3x3_1 <- inception_4e/double_3x3_1_bn"
INFO  20180816 14:19:28.148999  INFO: "inception_4e/relu_double_3x3_1 -> inception_4e/double_3x3_1_bn (in-place)"
INFO  20180816 14:19:28.148999  INFO: "Creating layer inception_4e/double_3x3_2"
INFO  20180816 14:19:28.148999  INFO: "Creating Layer inception_4e/double_3x3_2"
INFO  20180816 14:19:28.148999  INFO: "inception_4e/double_3x3_2 <- inception_4e/double_3x3_1_bn"
INFO  20180816 14:19:28.148999  INFO: "inception_4e/double_3x3_2 -> inception_4e/double_3x3_2"
INFO  20180816 14:19:28.148999  INFO: "Reallocating workspace storage: 10176"
INFO  20180816 14:19:28.148999  INFO: "Creating layer inception_4e/double_3x3_2_bn"
INFO  20180816 14:19:28.148999  INFO: "Creating Layer inception_4e/double_3x3_2_bn"
INFO  20180816 14:19:28.148999  INFO: "inception_4e/double_3x3_2_bn <- inception_4e/double_3x3_2"
INFO  20180816 14:19:28.148999  INFO: "inception_4e/double_3x3_2_bn -> inception_4e/double_3x3_2_bn"
INFO  20180816 14:19:28.148999  INFO: "Creating layer inception_4e/relu_double_3x3_2"
INFO  20180816 14:19:28.148999  INFO: "Creating Layer inception_4e/relu_double_3x3_2"
INFO  20180816 14:19:28.148999  INFO: "inception_4e/relu_double_3x3_2 <- inception_4e/double_3x3_2_bn"
INFO  20180816 14:19:28.148999  INFO: "inception_4e/relu_double_3x3_2 -> inception_4e/double_3x3_2_bn (in-place)"
INFO  20180816 14:19:28.148999  INFO: "Creating layer inception_4e/pool"
INFO  20180816 14:19:28.148999  INFO: "Creating Layer inception_4e/pool"
INFO  20180816 14:19:28.148999  INFO: "inception_4e/pool <- inception_4d/output_inception_4d/output_0_split_2"
INFO  20180816 14:19:28.148999  INFO: "inception_4e/pool -> inception_4e/pool"
INFO  20180816 14:19:28.148999  INFO: "Creating layer inception_4e/output"
INFO  20180816 14:19:28.148999  INFO: "Creating Layer inception_4e/output"
INFO  20180816 14:19:28.148999  INFO: "inception_4e/output <- inception_4e/3x3_bn"
INFO  20180816 14:19:28.148999  INFO: "inception_4e/output <- inception_4e/double_3x3_2_bn"
INFO  20180816 14:19:28.148999  INFO: "inception_4e/output <- inception_4e/pool"
INFO  20180816 14:19:28.148999  INFO: "inception_4e/output -> inception_4e/output"
INFO  20180816 14:19:28.148999  INFO: "Creating layer inception_4e/output_inception_4e/output_0_split"
INFO  20180816 14:19:28.148999  INFO: "Creating Layer inception_4e/output_inception_4e/output_0_split"
INFO  20180816 14:19:28.148999  INFO: "inception_4e/output_inception_4e/output_0_split <- inception_4e/output"
INFO  20180816 14:19:28.148999  INFO: "inception_4e/output_inception_4e/output_0_split -> inception_4e/output_inception_4e/output_0_split_0"
INFO  20180816 14:19:28.148999  INFO: "inception_4e/output_inception_4e/output_0_split -> inception_4e/output_inception_4e/output_0_split_1"
INFO  20180816 14:19:28.158999  INFO: "inception_4e/output_inception_4e/output_0_split -> inception_4e/output_inception_4e/output_0_split_2"
INFO  20180816 14:19:28.158999  INFO: "inception_4e/output_inception_4e/output_0_split -> inception_4e/output_inception_4e/output_0_split_3"
INFO  20180816 14:19:28.158999  INFO: "Creating layer inception_5a/1x1"
INFO  20180816 14:19:28.158999  INFO: "Creating Layer inception_5a/1x1"
INFO  20180816 14:19:28.158999  INFO: "inception_5a/1x1 <- inception_4e/output_inception_4e/output_0_split_0"
INFO  20180816 14:19:28.158999  INFO: "inception_5a/1x1 -> inception_5a/1x1"
INFO  20180816 14:19:28.158999  INFO: "Reallocating workspace storage: 7104"
INFO  20180816 14:19:28.158999  INFO: "Creating layer inception_5a/1x1_bn"
INFO  20180816 14:19:28.158999  INFO: "Creating Layer inception_5a/1x1_bn"
INFO  20180816 14:19:28.158999  INFO: "inception_5a/1x1_bn <- inception_5a/1x1"
INFO  20180816 14:19:28.158999  INFO: "inception_5a/1x1_bn -> inception_5a/1x1_bn"
INFO  20180816 14:19:28.158999  INFO: "Creating layer inception_5a/relu_1x1"
INFO  20180816 14:19:28.158999  INFO: "Creating Layer inception_5a/relu_1x1"
INFO  20180816 14:19:28.158999  INFO: "inception_5a/relu_1x1 <- inception_5a/1x1_bn"
INFO  20180816 14:19:28.158999  INFO: "inception_5a/relu_1x1 -> inception_5a/1x1_bn (in-place)"
INFO  20180816 14:19:28.158999  INFO: "Creating layer inception_5a/3x3_reduce"
INFO  20180816 14:19:28.158999  INFO: "Creating Layer inception_5a/3x3_reduce"
INFO  20180816 14:19:28.158999  INFO: "inception_5a/3x3_reduce <- inception_4e/output_inception_4e/output_0_split_1"
INFO  20180816 14:19:28.158999  INFO: "inception_5a/3x3_reduce -> inception_5a/3x3_reduce"
INFO  20180816 14:19:28.158999  INFO: "Reallocating workspace storage: 7104"
INFO  20180816 14:19:28.158999  INFO: "Creating layer inception_5a/3x3_reduce_bn"
INFO  20180816 14:19:28.158999  INFO: "Creating Layer inception_5a/3x3_reduce_bn"
INFO  20180816 14:19:28.158999  INFO: "inception_5a/3x3_reduce_bn <- inception_5a/3x3_reduce"
INFO  20180816 14:19:28.158999  INFO: "inception_5a/3x3_reduce_bn -> inception_5a/3x3_reduce_bn"
INFO  20180816 14:19:28.158999  INFO: "Creating layer inception_5a/relu_3x3_reduce"
INFO  20180816 14:19:28.158999  INFO: "Creating Layer inception_5a/relu_3x3_reduce"
INFO  20180816 14:19:28.158999  INFO: "inception_5a/relu_3x3_reduce <- inception_5a/3x3_reduce_bn"
INFO  20180816 14:19:28.158999  INFO: "inception_5a/relu_3x3_reduce -> inception_5a/3x3_reduce_bn (in-place)"
INFO  20180816 14:19:28.158999  INFO: "Creating layer inception_5a/3x3"
INFO  20180816 14:19:28.168999  INFO: "Creating Layer inception_5a/3x3"
INFO  20180816 14:19:28.168999  INFO: "inception_5a/3x3 <- inception_5a/3x3_reduce_bn"
INFO  20180816 14:19:28.168999  INFO: "inception_5a/3x3 -> inception_5a/3x3"
INFO  20180816 14:19:28.168999  INFO: "Reallocating workspace storage: 11796480"
INFO  20180816 14:19:28.168999  INFO: "Creating layer inception_5a/3x3_bn"
INFO  20180816 14:19:28.168999  INFO: "Creating Layer inception_5a/3x3_bn"
INFO  20180816 14:19:28.168999  INFO: "inception_5a/3x3_bn <- inception_5a/3x3"
INFO  20180816 14:19:28.168999  INFO: "inception_5a/3x3_bn -> inception_5a/3x3_bn"
INFO  20180816 14:19:28.168999  INFO: "Creating layer inception_5a/relu_3x3"
INFO  20180816 14:19:28.168999  INFO: "Creating Layer inception_5a/relu_3x3"
INFO  20180816 14:19:28.168999  INFO: "inception_5a/relu_3x3 <- inception_5a/3x3_bn"
INFO  20180816 14:19:28.168999  INFO: "inception_5a/relu_3x3 -> inception_5a/3x3_bn (in-place)"
INFO  20180816 14:19:28.168999  INFO: "Creating layer inception_5a/double_3x3_reduce"
INFO  20180816 14:19:28.168999  INFO: "Creating Layer inception_5a/double_3x3_reduce"
INFO  20180816 14:19:28.168999  INFO: "inception_5a/double_3x3_reduce <- inception_4e/output_inception_4e/output_0_split_2"
INFO  20180816 14:19:28.168999  INFO: "inception_5a/double_3x3_reduce -> inception_5a/double_3x3_reduce"
INFO  20180816 14:19:28.178999  INFO: "Reallocating workspace storage: 7104"
INFO  20180816 14:19:28.178999  INFO: "Creating layer inception_5a/double_3x3_reduce_bn"
INFO  20180816 14:19:28.178999  INFO: "Creating Layer inception_5a/double_3x3_reduce_bn"
INFO  20180816 14:19:28.178999  INFO: "inception_5a/double_3x3_reduce_bn <- inception_5a/double_3x3_reduce"
INFO  20180816 14:19:28.178999  INFO: "inception_5a/double_3x3_reduce_bn -> inception_5a/double_3x3_reduce_bn"
INFO  20180816 14:19:28.178999  INFO: "Creating layer inception_5a/relu_double_3x3_reduce"
INFO  20180816 14:19:28.178999  INFO: "Creating Layer inception_5a/relu_double_3x3_reduce"
INFO  20180816 14:19:28.178999  INFO: "inception_5a/relu_double_3x3_reduce <- inception_5a/double_3x3_reduce_bn"
INFO  20180816 14:19:28.178999  INFO: "inception_5a/relu_double_3x3_reduce -> inception_5a/double_3x3_reduce_bn (in-place)"
INFO  20180816 14:19:28.178999  INFO: "Creating layer inception_5a/double_3x3_1"
INFO  20180816 14:19:28.178999  INFO: "Creating Layer inception_5a/double_3x3_1"
INFO  20180816 14:19:28.178999  INFO: "inception_5a/double_3x3_1 <- inception_5a/double_3x3_reduce_bn"
INFO  20180816 14:19:28.178999  INFO: "inception_5a/double_3x3_1 -> inception_5a/double_3x3_1"
INFO  20180816 14:19:28.178999  INFO: "Reallocating workspace storage: 6881280"
INFO  20180816 14:19:28.178999  INFO: "Creating layer inception_5a/double_3x3_1_bn"
INFO  20180816 14:19:28.178999  INFO: "Creating Layer inception_5a/double_3x3_1_bn"
INFO  20180816 14:19:28.178999  INFO: "inception_5a/double_3x3_1_bn <- inception_5a/double_3x3_1"
INFO  20180816 14:19:28.178999  INFO: "inception_5a/double_3x3_1_bn -> inception_5a/double_3x3_1_bn"
INFO  20180816 14:19:28.178999  INFO: "Creating layer inception_5a/relu_double_3x3_1"
INFO  20180816 14:19:28.178999  INFO: "Creating Layer inception_5a/relu_double_3x3_1"
INFO  20180816 14:19:28.178999  INFO: "inception_5a/relu_double_3x3_1 <- inception_5a/double_3x3_1_bn"
INFO  20180816 14:19:28.178999  INFO: "inception_5a/relu_double_3x3_1 -> inception_5a/double_3x3_1_bn (in-place)"
INFO  20180816 14:19:28.178999  INFO: "Creating layer inception_5a/double_3x3_2"
INFO  20180816 14:19:28.178999  INFO: "Creating Layer inception_5a/double_3x3_2"
INFO  20180816 14:19:28.178999  INFO: "inception_5a/double_3x3_2 <- inception_5a/double_3x3_1_bn"
INFO  20180816 14:19:28.178999  INFO: "inception_5a/double_3x3_2 -> inception_5a/double_3x3_2"
INFO  20180816 14:19:28.178999  INFO: "Reallocating workspace storage: 9633792"
INFO  20180816 14:19:28.188999  INFO: "Creating layer inception_5a/double_3x3_2_bn"
INFO  20180816 14:19:28.188999  INFO: "Creating Layer inception_5a/double_3x3_2_bn"
INFO  20180816 14:19:28.188999  INFO: "inception_5a/double_3x3_2_bn <- inception_5a/double_3x3_2"
INFO  20180816 14:19:28.188999  INFO: "inception_5a/double_3x3_2_bn -> inception_5a/double_3x3_2_bn"
INFO  20180816 14:19:28.188999  INFO: "Creating layer inception_5a/relu_double_3x3_2"
INFO  20180816 14:19:28.188999  INFO: "Creating Layer inception_5a/relu_double_3x3_2"
INFO  20180816 14:19:28.188999  INFO: "inception_5a/relu_double_3x3_2 <- inception_5a/double_3x3_2_bn"
INFO  20180816 14:19:28.188999  INFO: "inception_5a/relu_double_3x3_2 -> inception_5a/double_3x3_2_bn (in-place)"
INFO  20180816 14:19:28.188999  INFO: "Creating layer inception_5a/pool"
INFO  20180816 14:19:28.188999  INFO: "Creating Layer inception_5a/pool"
INFO  20180816 14:19:28.188999  INFO: "inception_5a/pool <- inception_4e/output_inception_4e/output_0_split_3"
INFO  20180816 14:19:28.188999  INFO: "inception_5a/pool -> inception_5a/pool"
INFO  20180816 14:19:28.188999  INFO: "Creating layer inception_5a/pool_proj"
INFO  20180816 14:19:28.188999  INFO: "Creating Layer inception_5a/pool_proj"
INFO  20180816 14:19:28.188999  INFO: "inception_5a/pool_proj <- inception_5a/pool"
INFO  20180816 14:19:28.188999  INFO: "inception_5a/pool_proj -> inception_5a/pool_proj"
INFO  20180816 14:19:28.188999  INFO: "Reallocating workspace storage: 6780"
INFO  20180816 14:19:28.188999  INFO: "Creating layer inception_5a/pool_proj_bn"
INFO  20180816 14:19:28.188999  INFO: "Creating Layer inception_5a/pool_proj_bn"
INFO  20180816 14:19:28.188999  INFO: "inception_5a/pool_proj_bn <- inception_5a/pool_proj"
INFO  20180816 14:19:28.188999  INFO: "inception_5a/pool_proj_bn -> inception_5a/pool_proj_bn"
INFO  20180816 14:19:28.188999  INFO: "Creating layer inception_5a/relu_pool_proj"
INFO  20180816 14:19:28.188999  INFO: "Creating Layer inception_5a/relu_pool_proj"
INFO  20180816 14:19:28.188999  INFO: "inception_5a/relu_pool_proj <- inception_5a/pool_proj_bn"
INFO  20180816 14:19:28.188999  INFO: "inception_5a/relu_pool_proj -> inception_5a/pool_proj_bn (in-place)"
INFO  20180816 14:19:28.188999  INFO: "Creating layer inception_5a/output"
INFO  20180816 14:19:28.188999  INFO: "Creating Layer inception_5a/output"
INFO  20180816 14:19:28.188999  INFO: "inception_5a/output <- inception_5a/1x1_bn"
INFO  20180816 14:19:28.188999  INFO: "inception_5a/output <- inception_5a/3x3_bn"
INFO  20180816 14:19:28.188999  INFO: "inception_5a/output <- inception_5a/double_3x3_2_bn"
INFO  20180816 14:19:28.188999  INFO: "inception_5a/output <- inception_5a/pool_proj_bn"
INFO  20180816 14:19:28.188999  INFO: "inception_5a/output -> inception_5a/output"
INFO  20180816 14:19:28.188999  INFO: "Creating layer inception_5a/output_inception_5a/output_0_split"
INFO  20180816 14:19:28.188999  INFO: "Creating Layer inception_5a/output_inception_5a/output_0_split"
INFO  20180816 14:19:28.188999  INFO: "inception_5a/output_inception_5a/output_0_split <- inception_5a/output"
INFO  20180816 14:19:28.188999  INFO: "inception_5a/output_inception_5a/output_0_split -> inception_5a/output_inception_5a/output_0_split_0"
INFO  20180816 14:19:28.188999  INFO: "inception_5a/output_inception_5a/output_0_split -> inception_5a/output_inception_5a/output_0_split_1"
INFO  20180816 14:19:28.188999  INFO: "inception_5a/output_inception_5a/output_0_split -> inception_5a/output_inception_5a/output_0_split_2"
INFO  20180816 14:19:28.188999  INFO: "inception_5a/output_inception_5a/output_0_split -> inception_5a/output_inception_5a/output_0_split_3"
INFO  20180816 14:19:28.188999  INFO: "Creating layer inception_5b/1x1"
INFO  20180816 14:19:28.188999  INFO: "Creating Layer inception_5b/1x1"
INFO  20180816 14:19:28.188999  INFO: "inception_5b/1x1 <- inception_5a/output_inception_5a/output_0_split_0"
INFO  20180816 14:19:28.188999  INFO: "inception_5b/1x1 -> inception_5b/1x1"
INFO  20180816 14:19:28.198999  INFO: "Reallocating workspace storage: 7068"
INFO  20180816 14:19:28.198999  INFO: "Creating layer inception_5b/1x1_bn"
INFO  20180816 14:19:28.198999  INFO: "Creating Layer inception_5b/1x1_bn"
INFO  20180816 14:19:28.198999  INFO: "inception_5b/1x1_bn <- inception_5b/1x1"
INFO  20180816 14:19:28.198999  INFO: "inception_5b/1x1_bn -> inception_5b/1x1_bn"
INFO  20180816 14:19:28.198999  INFO: "Creating layer inception_5b/relu_1x1"
INFO  20180816 14:19:28.198999  INFO: "Creating Layer inception_5b/relu_1x1"
INFO  20180816 14:19:28.198999  INFO: "inception_5b/relu_1x1 <- inception_5b/1x1_bn"
INFO  20180816 14:19:28.198999  INFO: "inception_5b/relu_1x1 -> inception_5b/1x1_bn (in-place)"
INFO  20180816 14:19:28.198999  INFO: "Creating layer inception_5b/3x3_reduce"
INFO  20180816 14:19:28.198999  INFO: "Creating Layer inception_5b/3x3_reduce"
INFO  20180816 14:19:28.198999  INFO: "inception_5b/3x3_reduce <- inception_5a/output_inception_5a/output_0_split_1"
INFO  20180816 14:19:28.198999  INFO: "inception_5b/3x3_reduce -> inception_5b/3x3_reduce"
INFO  20180816 14:19:28.198999  INFO: "Reallocating workspace storage: 7068"
INFO  20180816 14:19:28.198999  INFO: "Creating layer inception_5b/3x3_reduce_bn"
INFO  20180816 14:19:28.198999  INFO: "Creating Layer inception_5b/3x3_reduce_bn"
INFO  20180816 14:19:28.198999  INFO: "inception_5b/3x3_reduce_bn <- inception_5b/3x3_reduce"
INFO  20180816 14:19:28.198999  INFO: "inception_5b/3x3_reduce_bn -> inception_5b/3x3_reduce_bn"
INFO  20180816 14:19:28.198999  INFO: "Creating layer inception_5b/relu_3x3_reduce"
INFO  20180816 14:19:28.198999  INFO: "Creating Layer inception_5b/relu_3x3_reduce"
INFO  20180816 14:19:28.198999  INFO: "inception_5b/relu_3x3_reduce <- inception_5b/3x3_reduce_bn"
INFO  20180816 14:19:28.198999  INFO: "inception_5b/relu_3x3_reduce -> inception_5b/3x3_reduce_bn (in-place)"
INFO  20180816 14:19:28.198999  INFO: "Creating layer inception_5b/3x3"
INFO  20180816 14:19:28.198999  INFO: "Creating Layer inception_5b/3x3"
INFO  20180816 14:19:28.198999  INFO: "inception_5b/3x3 <- inception_5b/3x3_reduce_bn"
INFO  20180816 14:19:28.198999  INFO: "inception_5b/3x3 -> inception_5b/3x3"
INFO  20180816 14:19:28.198999  INFO: "Reallocating workspace storage: 11796480"
INFO  20180816 14:19:28.208999  INFO: "Creating layer inception_5b/3x3_bn"
INFO  20180816 14:19:28.208999  INFO: "Creating Layer inception_5b/3x3_bn"
INFO  20180816 14:19:28.208999  INFO: "inception_5b/3x3_bn <- inception_5b/3x3"
INFO  20180816 14:19:28.208999  INFO: "inception_5b/3x3_bn -> inception_5b/3x3_bn"
INFO  20180816 14:19:28.208999  INFO: "Creating layer inception_5b/relu_3x3"
INFO  20180816 14:19:28.208999  INFO: "Creating Layer inception_5b/relu_3x3"
INFO  20180816 14:19:28.208999  INFO: "inception_5b/relu_3x3 <- inception_5b/3x3_bn"
INFO  20180816 14:19:28.208999  INFO: "inception_5b/relu_3x3 -> inception_5b/3x3_bn (in-place)"
INFO  20180816 14:19:28.208999  INFO: "Creating layer inception_5b/double_3x3_reduce"
INFO  20180816 14:19:28.208999  INFO: "Creating Layer inception_5b/double_3x3_reduce"
INFO  20180816 14:19:28.208999  INFO: "inception_5b/double_3x3_reduce <- inception_5a/output_inception_5a/output_0_split_2"
INFO  20180816 14:19:28.208999  INFO: "inception_5b/double_3x3_reduce -> inception_5b/double_3x3_reduce"
INFO  20180816 14:19:28.208999  INFO: "Reallocating workspace storage: 7068"
INFO  20180816 14:19:28.208999  INFO: "Creating layer inception_5b/double_3x3_reduce_bn"
INFO  20180816 14:19:28.208999  INFO: "Creating Layer inception_5b/double_3x3_reduce_bn"
INFO  20180816 14:19:28.208999  INFO: "inception_5b/double_3x3_reduce_bn <- inception_5b/double_3x3_reduce"
INFO  20180816 14:19:28.208999  INFO: "inception_5b/double_3x3_reduce_bn -> inception_5b/double_3x3_reduce_bn"
INFO  20180816 14:19:28.208999  INFO: "Creating layer inception_5b/relu_double_3x3_reduce"
INFO  20180816 14:19:28.208999  INFO: "Creating Layer inception_5b/relu_double_3x3_reduce"
INFO  20180816 14:19:28.208999  INFO: "inception_5b/relu_double_3x3_reduce <- inception_5b/double_3x3_reduce_bn"
INFO  20180816 14:19:28.208999  INFO: "inception_5b/relu_double_3x3_reduce -> inception_5b/double_3x3_reduce_bn (in-place)"
INFO  20180816 14:19:28.208999  INFO: "Creating layer inception_5b/double_3x3_1"
INFO  20180816 14:19:28.208999  INFO: "Creating Layer inception_5b/double_3x3_1"
INFO  20180816 14:19:28.208999  INFO: "inception_5b/double_3x3_1 <- inception_5b/double_3x3_reduce_bn"
INFO  20180816 14:19:28.208999  INFO: "inception_5b/double_3x3_1 -> inception_5b/double_3x3_1"
INFO  20180816 14:19:28.218999  INFO: "Reallocating workspace storage: 8257536"
INFO  20180816 14:19:28.218999  INFO: "Creating layer inception_5b/double_3x3_1_bn"
INFO  20180816 14:19:28.218999  INFO: "Creating Layer inception_5b/double_3x3_1_bn"
INFO  20180816 14:19:28.218999  INFO: "inception_5b/double_3x3_1_bn <- inception_5b/double_3x3_1"
INFO  20180816 14:19:28.218999  INFO: "inception_5b/double_3x3_1_bn -> inception_5b/double_3x3_1_bn"
INFO  20180816 14:19:28.218999  INFO: "Creating layer inception_5b/relu_double_3x3_1"
INFO  20180816 14:19:28.218999  INFO: "Creating Layer inception_5b/relu_double_3x3_1"
INFO  20180816 14:19:28.218999  INFO: "inception_5b/relu_double_3x3_1 <- inception_5b/double_3x3_1_bn"
INFO  20180816 14:19:28.218999  INFO: "inception_5b/relu_double_3x3_1 -> inception_5b/double_3x3_1_bn (in-place)"
INFO  20180816 14:19:28.218999  INFO: "Creating layer inception_5b/double_3x3_2"
INFO  20180816 14:19:28.218999  INFO: "Creating Layer inception_5b/double_3x3_2"
INFO  20180816 14:19:28.218999  INFO: "inception_5b/double_3x3_2 <- inception_5b/double_3x3_1_bn"
INFO  20180816 14:19:28.218999  INFO: "inception_5b/double_3x3_2 -> inception_5b/double_3x3_2"
INFO  20180816 14:19:28.218999  INFO: "Reallocating workspace storage: 9633792"
INFO  20180816 14:19:28.218999  INFO: "Creating layer inception_5b/double_3x3_2_bn"
INFO  20180816 14:19:28.218999  INFO: "Creating Layer inception_5b/double_3x3_2_bn"
INFO  20180816 14:19:28.218999  INFO: "inception_5b/double_3x3_2_bn <- inception_5b/double_3x3_2"
INFO  20180816 14:19:28.218999  INFO: "inception_5b/double_3x3_2_bn -> inception_5b/double_3x3_2_bn"
INFO  20180816 14:19:28.218999  INFO: "Creating layer inception_5b/relu_double_3x3_2"
INFO  20180816 14:19:28.218999  INFO: "Creating Layer inception_5b/relu_double_3x3_2"
INFO  20180816 14:19:28.218999  INFO: "inception_5b/relu_double_3x3_2 <- inception_5b/double_3x3_2_bn"
INFO  20180816 14:19:28.218999  INFO: "inception_5b/relu_double_3x3_2 -> inception_5b/double_3x3_2_bn (in-place)"
INFO  20180816 14:19:28.218999  INFO: "Creating layer inception_5b/pool"
INFO  20180816 14:19:28.218999  INFO: "Creating Layer inception_5b/pool"
INFO  20180816 14:19:28.218999  INFO: "inception_5b/pool <- inception_5a/output_inception_5a/output_0_split_3"
INFO  20180816 14:19:28.218999  INFO: "inception_5b/pool -> inception_5b/pool"
INFO  20180816 14:19:28.218999  INFO: "Creating layer inception_5b/pool_proj"
INFO  20180816 14:19:28.218999  INFO: "Creating Layer inception_5b/pool_proj"
INFO  20180816 14:19:28.218999  INFO: "inception_5b/pool_proj <- inception_5b/pool"
INFO  20180816 14:19:28.218999  INFO: "inception_5b/pool_proj -> inception_5b/pool_proj"
INFO  20180816 14:19:28.228999  INFO: "Reallocating workspace storage: 6780"
INFO  20180816 14:19:28.228999  INFO: "Creating layer inception_5b/pool_proj_bn"
INFO  20180816 14:19:28.228999  INFO: "Creating Layer inception_5b/pool_proj_bn"
INFO  20180816 14:19:28.228999  INFO: "inception_5b/pool_proj_bn <- inception_5b/pool_proj"
INFO  20180816 14:19:28.228999  INFO: "inception_5b/pool_proj_bn -> inception_5b/pool_proj_bn"
INFO  20180816 14:19:28.228999  INFO: "Creating layer inception_5b/relu_pool_proj"
INFO  20180816 14:19:28.228999  INFO: "Creating Layer inception_5b/relu_pool_proj"
INFO  20180816 14:19:28.228999  INFO: "inception_5b/relu_pool_proj <- inception_5b/pool_proj_bn"
INFO  20180816 14:19:28.228999  INFO: "inception_5b/relu_pool_proj -> inception_5b/pool_proj_bn (in-place)"
INFO  20180816 14:19:28.228999  INFO: "Creating layer inception_5b/output"
INFO  20180816 14:19:28.228999  INFO: "Creating Layer inception_5b/output"
INFO  20180816 14:19:28.228999  INFO: "inception_5b/output <- inception_5b/1x1_bn"
INFO  20180816 14:19:28.228999  INFO: "inception_5b/output <- inception_5b/3x3_bn"
INFO  20180816 14:19:28.228999  INFO: "inception_5b/output <- inception_5b/double_3x3_2_bn"
INFO  20180816 14:19:28.228999  INFO: "inception_5b/output <- inception_5b/pool_proj_bn"
INFO  20180816 14:19:28.228999  INFO: "inception_5b/output -> inception_5b/output"
INFO  20180816 14:19:28.228999  INFO: "Creating layer global_pool"
INFO  20180816 14:19:28.228999  INFO: "Creating Layer global_pool"
INFO  20180816 14:19:28.228999  INFO: "global_pool <- inception_5b/output"
INFO  20180816 14:19:28.228999  INFO: "global_pool -> global_pool"
INFO  20180816 14:19:28.228999  INFO: "Creating layer dropout"
ERROR  20180816 14:19:28.228999  ERROR: "Unknown layer type: Dropout (known types: BN, BatchNorm, Bias, Concat, Convolution, Deconvolution, DepthwiseConvolution, DetectionOutput, ELU, Eltwise, Embed, Filter, Flatten, ImResize, InnerProduct, Input, LRN, MemoryData, Nms, Normalize, PReLU, Permute, Pooling, Power, PriorBox, ReLU, Reshape, Scale, Sigmoid, Slice, Softmax, Split, TanH, Threshold, Tile)"
